<html xmlns:math="http://exslt.org/math" xmlns:testng="http://testng.org">
   <head>
      <title>TestNG Results</title>
      <meta http-equiv="content-type" content="text/html; charset=utf-8"></meta>
      <meta http-equiv="pragma" content="no-cache"></meta>
      <meta http-equiv="cache-control" content="max-age=0"></meta>
      <meta http-equiv="cache-control" content="no-cache"></meta>
      <meta http-equiv="cache-control" content="no-store"></meta>
      <LINK rel="stylesheet" href="style.css"></LINK>
      <script type="text/javascript" src="main.js"></script>
   </head>
   <body>
      <table width="100%" style="font-size: 16px; margin-bottom: 10px;" cellspacing="1">
         <tr>
            <td width="100%">
               Test case
               
               <b>Chrome test</b>
            </td>
            <td style="background-color: #FFBBBB; padding: 3px 3px 3px 0;" align="center">
               <div style="width: 50px;">3</div>
            </td>
            <td style="background-color: lightgreen; padding: 3px 3px 3px 0;" align="center">
               <div style="width: 50px;">1</div>
            </td>
            <td style="background-color: #FFFFBB; padding: 3px 3px 3px 0;" align="center">
               <div style="width: 50px;">1</div>
            </td>
            <td align="center" style="background-color: #eaf0f7; padding: 3px 3px 3px 0;">
               <div style="width: 50px;">5</div>
            </td>
            <td align="center"
                style="font-weight: bold; background-color: #eaf0f7; padding: 3px 3px 3px 0;">
               <div style="width: 50px;">20%</div>
            </td>
            <td style="background-color: #eaf0f7; padding: 3px 3px 3px 0;" align="center"
                nowrap="true">37s
               
            </td>
         </tr>
      </table>
      <div style="width: 200px;">
         <label for="groupMethodsCheckBox" style="font-weight: bold; margin: 0;">
            <input id="groupMethodsCheckBox" type="checkbox" onclick="switchTestMethodsView(this)"></input>
            Group by class
            
         </label>
         <br></br>
         <label for="methodsFilter_ALL" style="font-weight: bold; margin: 0;">
            <input id="methodsFilter_ALL" type="checkbox"
                   onclick="testMethodsFilterChanged(this, 'ALL')"></input>
            All
            
         </label>
      </div>
      <label for="methodsFilter_FAIL" style="margin-left: 20px;">
         <input id="methodsFilter_FAIL" type="checkbox"
                onclick="testMethodsFilterChanged(this, 'FAIL')"
                checked=""></input>
         Failed
         
      </label>
      <label for="methodsFilter_PASS">
         <input id="methodsFilter_PASS" type="checkbox"
                onclick="testMethodsFilterChanged(this, 'PASS')"
                checked=""></input>
         Passed
         
      </label>
      <label for="methodsFilter_SKIP">
         <input id="methodsFilter_SKIP" type="checkbox"
                onclick="testMethodsFilterChanged(this, 'SKIP')"
                checked=""></input>
         Skipped
         
      </label>
      <label for="methodsFilter_CONF">
         <input id="methodsFilter_CONF" type="checkbox"
                onclick="testMethodsFilterChanged(this, 'CONF')"></input>
         Config
         
      </label>
      <br></br>
      <div id="testMethodsByStatus">
         <table class="testMethodsTable" cellpadding="0" cellspacing="0">
            <tr class="methodsTableHeader">
               <td width="100%">Name</td>
               <td nowrap="true">Started</td>
               <td nowrap="true">Duration</td>
               <td>Exception</td>
            </tr>
            <tr id="test_fbLogin.TC1_LoginWithInvalidCredential_test_fbLoginWithInvalidCredential_byStatus_failed_FAIL1_row"
                class="testMethodStatusFAIL">
               <td width="100%" class="firstMethodCell">
                  <a onclick="toggleDetailsVisibility('test_fbLogin.TC1_LoginWithInvalidCredential_test_fbLoginWithInvalidCredential_byStatus_failed_FAIL1_details')">test_fbLoginWithInvalidCredential()</a>
               </td>
               <td nowrap="true">11:38:24</td>
               <td nowrap="true" align="right">463 ms
                  
               </td>
               <td nowrap="true">
                  <a onclick="toggleDetailsVisibility('test_fbLogin.TC1_LoginWithInvalidCredential_test_fbLoginWithInvalidCredential_byStatus_failed_FAIL1_exception')">org.openqa.selenium.NoSuchElementException: 
                     no such element: Unable to locate element: {"method":"xpath","selector":"//*[@id='u_0_3']"}
                     (Session info: chrome=70.0.3538.102)
                     (Driver info: chromedriver=2.41.578706 (5f725d1b4f0a4acbf5259df887244095596231db),platform=Mac OS X 10.14.1 x86_64) (WARNING:
                     The server did not provide any stacktrace information)
                     Command duration or timeout: 0 milliseconds
                     For documentation on this error, please visit: http://seleniumhq.org/exceptions/no_such_element.html
                     Build info: version: '3.14.0', revision: 'aacccce0', time: '2018-08-02T20:05:20.749Z'
                     System info: host: 'Sadeks-MacBook-Pro.local', ip: '2604:2000:9903:1400:0:0:0:7%en0', os.name: 'Mac OS X', os.arch: 'x86_64',
                     os.version: '10.14.1', java.version: '1.8.0_171'
                     Driver info: org.openqa.selenium.chrome.ChromeDriver
                     Capabilities {acceptInsecureCerts: false, acceptSslCerts: false, applicationCacheEnabled: false, browserConnectionEnabled:
                     false, browserName: chrome, chrome: {chromedriverVersion: 2.41.578706 (5f725d1b4f0a4a..., userDataDir: /var/folders/34/5xq3fsv12wg...},
                     cssSelectorsEnabled: true, databaseEnabled: false, goog:chromeOptions: {debuggerAddress: localhost:61999}, handlesAlerts:
                     true, hasTouchScreen: false, javascriptEnabled: true, locationContextEnabled: true, mobileEmulationEnabled: false, nativeEvents:
                     true, networkConnectionEnabled: false, pageLoadStrategy: normal, platform: MAC, platformName: MAC, rotatable: false, setWindowRect:
                     true, takesHeapSnapshot: true, takesScreenshot: true, unexpectedAlertBehaviour: , unhandledPromptBehavior: , version: 70.0.3538.102,
                     webStorageEnabled: true}
                     Session ID: cb4eeef54b14b256d8ee87f301dedb6c
                     *** Element info: {Using=xpath, value=//*[@id='u_0_3']}
                     
                  </a>
                   
                  
               </td>
            </tr>
            <tr>
               <td colspan="4" class="detailsBox">
                  <div id="test_fbLogin.TC1_LoginWithInvalidCredential_test_fbLoginWithInvalidCredential_byStatus_failed_FAIL1_details"
                       class="testMethodDetails">
                     <div>
                        <b>Name: </b>test_fbLoginWithInvalidCredential
                     </div>
                     <div>
                        <b>Signature: </b>test_fbLoginWithInvalidCredential()[pri:0, instance:test_fbLogin.TC1_LoginWithInvalidCredential@566776ad]
                     </div>
                     <div>
                        <b>Start time: </b>11:38:24
                     </div>
                     <div>
                        <b>End time: </b>11:38:25
                     </div>
                     <div>
                        <b>Duration: </b>463 ms
                        
                     </div>
                  </div>
               </td>
            </tr>
            <tr>
               <td colspan="4" class="detailsBox">
                  <div id="test_fbLogin.TC1_LoginWithInvalidCredential_test_fbLoginWithInvalidCredential_byStatus_failed_FAIL1_exception"
                       class="testMethodDetails">
                     <pre style="padding: 5px; margin: 0;">org.openqa.selenium.NoSuchElementException: no such element: Unable to locate element: {"method":"xpath","selector":"//*[@id='u_0_3']"}
                        (Session info: chrome=70.0.3538.102)
                        (Driver info: chromedriver=2.41.578706 (5f725d1b4f0a4acbf5259df887244095596231db),platform=Mac OS X 10.14.1 x86_64) (WARNING:
                        The server did not provide any stacktrace information)
                        Command duration or timeout: 0 milliseconds
                        For documentation on this error, please visit: http://seleniumhq.org/exceptions/no_such_element.html
                        Build info: version: '3.14.0', revision: 'aacccce0', time: '2018-08-02T20:05:20.749Z'
                        System info: host: 'Sadeks-MacBook-Pro.local', ip: '2604:2000:9903:1400:0:0:0:7%en0', os.name: 'Mac OS X', os.arch: 'x86_64',
                        os.version: '10.14.1', java.version: '1.8.0_171'
                        Driver info: org.openqa.selenium.chrome.ChromeDriver
                        Capabilities {acceptInsecureCerts: false, acceptSslCerts: false, applicationCacheEnabled: false, browserConnectionEnabled:
                        false, browserName: chrome, chrome: {chromedriverVersion: 2.41.578706 (5f725d1b4f0a4a..., userDataDir: /var/folders/34/5xq3fsv12wg...},
                        cssSelectorsEnabled: true, databaseEnabled: false, goog:chromeOptions: {debuggerAddress: localhost:61999}, handlesAlerts:
                        true, hasTouchScreen: false, javascriptEnabled: true, locationContextEnabled: true, mobileEmulationEnabled: false, nativeEvents:
                        true, networkConnectionEnabled: false, pageLoadStrategy: normal, platform: MAC, platformName: MAC, rotatable: false, setWindowRect:
                        true, takesHeapSnapshot: true, takesScreenshot: true, unexpectedAlertBehaviour: , unhandledPromptBehavior: , version: 70.0.3538.102,
                        webStorageEnabled: true}
                        Session ID: cb4eeef54b14b256d8ee87f301dedb6c
                        *** Element info: {Using=xpath, value=//*[@id='u_0_3']}
                        	at sun.reflect.NativeConstructorAccessorImpl.newInstance0(Native Method)
                        	at sun.reflect.NativeConstructorAccessorImpl.newInstance(NativeConstructorAccessorImpl.java:62)
                        	at sun.reflect.DelegatingConstructorAccessorImpl.newInstance(DelegatingConstructorAccessorImpl.java:45)
                        	at java.lang.reflect.Constructor.newInstance(Constructor.java:423)
                        	at org.openqa.selenium.remote.ErrorHandler.createThrowable(ErrorHandler.java:214)
                        	at org.openqa.selenium.remote.ErrorHandler.throwIfResponseFailed(ErrorHandler.java:166)
                        	at org.openqa.selenium.remote.http.JsonHttpResponseCodec.reconstructValue(JsonHttpResponseCodec.java:40)
                        	at org.openqa.selenium.remote.http.AbstractHttpResponseCodec.decode(AbstractHttpResponseCodec.java:80)
                        	at org.openqa.selenium.remote.http.AbstractHttpResponseCodec.decode(AbstractHttpResponseCodec.java:44)
                        	at org.openqa.selenium.remote.HttpCommandExecutor.execute(HttpCommandExecutor.java:158)
                        	at org.openqa.selenium.remote.service.DriverCommandExecutor.execute(DriverCommandExecutor.java:83)
                        	at org.openqa.selenium.remote.RemoteWebDriver.execute(RemoteWebDriver.java:548)
                        	at org.openqa.selenium.remote.RemoteWebDriver.findElement(RemoteWebDriver.java:322)
                        	at org.openqa.selenium.remote.RemoteWebDriver.findElementByXPath(RemoteWebDriver.java:424)
                        	at org.openqa.selenium.By$ByXPath.findElement(By.java:353)
                        	at org.openqa.selenium.remote.RemoteWebDriver.findElement(RemoteWebDriver.java:314)
                        	at utils.SWDFunctions.clickByXpath(SWDFunctions.java:36)
                        	at test_fbLogin.TC1_LoginWithInvalidCredential.test_fbLoginWithInvalidCredential(TC1_LoginWithInvalidCredential.java:23)
                        	at sun.reflect.NativeMethodAccessorImpl.invoke0(Native Method)
                        	at sun.reflect.NativeMethodAccessorImpl.invoke(NativeMethodAccessorImpl.java:62)
                        	at sun.reflect.DelegatingMethodAccessorImpl.invoke(DelegatingMethodAccessorImpl.java:43)
                        	at java.lang.reflect.Method.invoke(Method.java:498)
                        	at org.testng.internal.MethodInvocationHelper.invokeMethod(MethodInvocationHelper.java:85)
                        	at org.testng.internal.Invoker.invokeMethod(Invoker.java:639)
                        	at org.testng.internal.Invoker.invokeTestMethod(Invoker.java:816)
                        	at org.testng.internal.Invoker.invokeTestMethods(Invoker.java:1124)
                        	at org.testng.internal.TestMethodWorker.invokeTestMethods(TestMethodWorker.java:125)
                        	at org.testng.internal.TestMethodWorker.run(TestMethodWorker.java:108)
                        	at org.testng.TestRunner.privateRun(TestRunner.java:774)
                        	at org.testng.TestRunner.run(TestRunner.java:624)
                        	at org.testng.SuiteRunner.runTest(SuiteRunner.java:359)
                        	at org.testng.SuiteRunner.runSequentially(SuiteRunner.java:354)
                        	at org.testng.SuiteRunner.privateRun(SuiteRunner.java:312)
                        	at org.testng.SuiteRunner.run(SuiteRunner.java:261)
                        	at org.testng.SuiteRunnerWorker.runSuite(SuiteRunnerWorker.java:52)
                        	at org.testng.SuiteRunnerWorker.run(SuiteRunnerWorker.java:86)
                        	at org.testng.TestNG.runSuitesSequentially(TestNG.java:1215)
                        	at org.testng.TestNG.runSuitesLocally(TestNG.java:1140)
                        	at org.testng.TestNG.run(TestNG.java:1048)
                        	at org.testng.TestNG.privateMain(TestNG.java:1355)
                        	at org.testng.TestNG.main(TestNG.java:1324)
                     </pre>
                  </div>
               </td>
            </tr>
            <tr id="test_fbLogin.TC2_LoginWithInvalidPassword_test_fbLoginWithInvalidPassword_byStatus_failed_FAIL2_row"
                class="testMethodStatusFAIL">
               <td width="100%" class="firstMethodCell">
                  <a onclick="toggleDetailsVisibility('test_fbLogin.TC2_LoginWithInvalidPassword_test_fbLoginWithInvalidPassword_byStatus_failed_FAIL2_details')">test_fbLoginWithInvalidPassword()</a>
               </td>
               <td nowrap="true">11:38:32</td>
               <td nowrap="true" align="right">430 ms
                  
               </td>
               <td nowrap="true">
                  <a onclick="toggleDetailsVisibility('test_fbLogin.TC2_LoginWithInvalidPassword_test_fbLoginWithInvalidPassword_byStatus_failed_FAIL2_exception')">org.openqa.selenium.ElementNotVisibleException: 
                     element not visible
                     (Session info: chrome=70.0.3538.102)
                     (Driver info: chromedriver=2.41.578706 (5f725d1b4f0a4acbf5259df887244095596231db),platform=Mac OS X 10.14.1 x86_64) (WARNING:
                     The server did not provide any stacktrace information)
                     Command duration or timeout: 0 milliseconds
                     Build info: version: '3.14.0', revision: 'aacccce0', time: '2018-08-02T20:05:20.749Z'
                     System info: host: 'Sadeks-MacBook-Pro.local', ip: '2604:2000:9903:1400:0:0:0:7%en0', os.name: 'Mac OS X', os.arch: 'x86_64',
                     os.version: '10.14.1', java.version: '1.8.0_171'
                     Driver info: org.openqa.selenium.chrome.ChromeDriver
                     Capabilities {acceptInsecureCerts: false, acceptSslCerts: false, applicationCacheEnabled: false, browserConnectionEnabled:
                     false, browserName: chrome, chrome: {chromedriverVersion: 2.41.578706 (5f725d1b4f0a4a..., userDataDir: /var/folders/34/5xq3fsv12wg...},
                     cssSelectorsEnabled: true, databaseEnabled: false, goog:chromeOptions: {debuggerAddress: localhost:62027}, handlesAlerts:
                     true, hasTouchScreen: false, javascriptEnabled: true, locationContextEnabled: true, mobileEmulationEnabled: false, nativeEvents:
                     true, networkConnectionEnabled: false, pageLoadStrategy: normal, platform: MAC, platformName: MAC, rotatable: false, setWindowRect:
                     true, takesHeapSnapshot: true, takesScreenshot: true, unexpectedAlertBehaviour: , unhandledPromptBehavior: , version: 70.0.3538.102,
                     webStorageEnabled: true}
                     Session ID: f800acaa615a9b154672474c26b4b907
                     
                  </a>
                   
                  
               </td>
            </tr>
            <tr>
               <td colspan="4" class="detailsBox">
                  <div id="test_fbLogin.TC2_LoginWithInvalidPassword_test_fbLoginWithInvalidPassword_byStatus_failed_FAIL2_details"
                       class="testMethodDetails">
                     <div>
                        <b>Name: </b>test_fbLoginWithInvalidPassword
                     </div>
                     <div>
                        <b>Signature: </b>test_fbLoginWithInvalidPassword()[pri:0, instance:test_fbLogin.TC2_LoginWithInvalidPassword@6108b2d7]
                     </div>
                     <div>
                        <b>Start time: </b>11:38:32
                     </div>
                     <div>
                        <b>End time: </b>11:38:32
                     </div>
                     <div>
                        <b>Duration: </b>430 ms
                        
                     </div>
                  </div>
               </td>
            </tr>
            <tr>
               <td colspan="4" class="detailsBox">
                  <div id="test_fbLogin.TC2_LoginWithInvalidPassword_test_fbLoginWithInvalidPassword_byStatus_failed_FAIL2_exception"
                       class="testMethodDetails">
                     <pre style="padding: 5px; margin: 0;">org.openqa.selenium.ElementNotVisibleException: element not visible
                        (Session info: chrome=70.0.3538.102)
                        (Driver info: chromedriver=2.41.578706 (5f725d1b4f0a4acbf5259df887244095596231db),platform=Mac OS X 10.14.1 x86_64) (WARNING:
                        The server did not provide any stacktrace information)
                        Command duration or timeout: 0 milliseconds
                        Build info: version: '3.14.0', revision: 'aacccce0', time: '2018-08-02T20:05:20.749Z'
                        System info: host: 'Sadeks-MacBook-Pro.local', ip: '2604:2000:9903:1400:0:0:0:7%en0', os.name: 'Mac OS X', os.arch: 'x86_64',
                        os.version: '10.14.1', java.version: '1.8.0_171'
                        Driver info: org.openqa.selenium.chrome.ChromeDriver
                        Capabilities {acceptInsecureCerts: false, acceptSslCerts: false, applicationCacheEnabled: false, browserConnectionEnabled:
                        false, browserName: chrome, chrome: {chromedriverVersion: 2.41.578706 (5f725d1b4f0a4a..., userDataDir: /var/folders/34/5xq3fsv12wg...},
                        cssSelectorsEnabled: true, databaseEnabled: false, goog:chromeOptions: {debuggerAddress: localhost:62027}, handlesAlerts:
                        true, hasTouchScreen: false, javascriptEnabled: true, locationContextEnabled: true, mobileEmulationEnabled: false, nativeEvents:
                        true, networkConnectionEnabled: false, pageLoadStrategy: normal, platform: MAC, platformName: MAC, rotatable: false, setWindowRect:
                        true, takesHeapSnapshot: true, takesScreenshot: true, unexpectedAlertBehaviour: , unhandledPromptBehavior: , version: 70.0.3538.102,
                        webStorageEnabled: true}
                        Session ID: f800acaa615a9b154672474c26b4b907
                        	at sun.reflect.NativeConstructorAccessorImpl.newInstance0(Native Method)
                        	at sun.reflect.NativeConstructorAccessorImpl.newInstance(NativeConstructorAccessorImpl.java:62)
                        	at sun.reflect.DelegatingConstructorAccessorImpl.newInstance(DelegatingConstructorAccessorImpl.java:45)
                        	at java.lang.reflect.Constructor.newInstance(Constructor.java:423)
                        	at org.openqa.selenium.remote.ErrorHandler.createThrowable(ErrorHandler.java:214)
                        	at org.openqa.selenium.remote.ErrorHandler.throwIfResponseFailed(ErrorHandler.java:166)
                        	at org.openqa.selenium.remote.http.JsonHttpResponseCodec.reconstructValue(JsonHttpResponseCodec.java:40)
                        	at org.openqa.selenium.remote.http.AbstractHttpResponseCodec.decode(AbstractHttpResponseCodec.java:80)
                        	at org.openqa.selenium.remote.http.AbstractHttpResponseCodec.decode(AbstractHttpResponseCodec.java:44)
                        	at org.openqa.selenium.remote.HttpCommandExecutor.execute(HttpCommandExecutor.java:158)
                        	at org.openqa.selenium.remote.service.DriverCommandExecutor.execute(DriverCommandExecutor.java:83)
                        	at org.openqa.selenium.remote.RemoteWebDriver.execute(RemoteWebDriver.java:548)
                        	at org.openqa.selenium.remote.RemoteWebElement.execute(RemoteWebElement.java:276)
                        	at org.openqa.selenium.remote.RemoteWebElement.click(RemoteWebElement.java:83)
                        	at utils.SWDFunctions.clickByXpath(SWDFunctions.java:36)
                        	at test_fbLogin.TC2_LoginWithInvalidPassword.test_fbLoginWithInvalidPassword(TC2_LoginWithInvalidPassword.java:23)
                        	at sun.reflect.NativeMethodAccessorImpl.invoke0(Native Method)
                        	at sun.reflect.NativeMethodAccessorImpl.invoke(NativeMethodAccessorImpl.java:62)
                        	at sun.reflect.DelegatingMethodAccessorImpl.invoke(DelegatingMethodAccessorImpl.java:43)
                        	at java.lang.reflect.Method.invoke(Method.java:498)
                        	at org.testng.internal.MethodInvocationHelper.invokeMethod(MethodInvocationHelper.java:85)
                        	at org.testng.internal.Invoker.invokeMethod(Invoker.java:639)
                        	at org.testng.internal.Invoker.invokeTestMethod(Invoker.java:816)
                        	at org.testng.internal.Invoker.invokeTestMethods(Invoker.java:1124)
                        	at org.testng.internal.TestMethodWorker.invokeTestMethods(TestMethodWorker.java:125)
                        	at org.testng.internal.TestMethodWorker.run(TestMethodWorker.java:108)
                        	at org.testng.TestRunner.privateRun(TestRunner.java:774)
                        	at org.testng.TestRunner.run(TestRunner.java:624)
                        	at org.testng.SuiteRunner.runTest(SuiteRunner.java:359)
                        	at org.testng.SuiteRunner.runSequentially(SuiteRunner.java:354)
                        	at org.testng.SuiteRunner.privateRun(SuiteRunner.java:312)
                        	at org.testng.SuiteRunner.run(SuiteRunner.java:261)
                        	at org.testng.SuiteRunnerWorker.runSuite(SuiteRunnerWorker.java:52)
                        	at org.testng.SuiteRunnerWorker.run(SuiteRunnerWorker.java:86)
                        	at org.testng.TestNG.runSuitesSequentially(TestNG.java:1215)
                        	at org.testng.TestNG.runSuitesLocally(TestNG.java:1140)
                        	at org.testng.TestNG.run(TestNG.java:1048)
                        	at org.testng.TestNG.privateMain(TestNG.java:1355)
                        	at org.testng.TestNG.main(TestNG.java:1324)
                     </pre>
                  </div>
               </td>
            </tr>
            <tr id="test_fbSignup.CreateFBAccount_verifyDropdownFuntionlity_byStatus_failed_FAIL3_row"
                class="testMethodStatusFAIL">
               <td width="100%" class="firstMethodCell">
                  <a onclick="toggleDetailsVisibility('test_fbSignup.CreateFBAccount_verifyDropdownFuntionlity_byStatus_failed_FAIL3_details')">verifyDropdownFuntionlity()</a>
               </td>
               <td nowrap="true">11:38:39</td>
               <td nowrap="true" align="right">20 ms
                  
               </td>
               <td nowrap="true">
                  <a onclick="toggleDetailsVisibility('test_fbSignup.CreateFBAccount_verifyDropdownFuntionlity_byStatus_failed_FAIL3_exception')">org.openqa.selenium.NoSuchElementException: 
                     no such element: Unable to locate element: {"method":"id","selector":""}
                     (Session info: chrome=70.0.3538.102)
                     (Driver info: chromedriver=2.41.578706 (5f725d1b4f0a4acbf5259df887244095596231db),platform=Mac OS X 10.14.1 x86_64) (WARNING:
                     The server did not provide any stacktrace information)
                     Command duration or timeout: 0 milliseconds
                     For documentation on this error, please visit: http://seleniumhq.org/exceptions/no_such_element.html
                     Build info: version: '3.14.0', revision: 'aacccce0', time: '2018-08-02T20:05:20.749Z'
                     System info: host: 'Sadeks-MacBook-Pro.local', ip: '2604:2000:9903:1400:0:0:0:7%en0', os.name: 'Mac OS X', os.arch: 'x86_64',
                     os.version: '10.14.1', java.version: '1.8.0_171'
                     Driver info: org.openqa.selenium.chrome.ChromeDriver
                     Capabilities {acceptInsecureCerts: false, acceptSslCerts: false, applicationCacheEnabled: false, browserConnectionEnabled:
                     false, browserName: chrome, chrome: {chromedriverVersion: 2.41.578706 (5f725d1b4f0a4a..., userDataDir: /var/folders/34/5xq3fsv12wg...},
                     cssSelectorsEnabled: true, databaseEnabled: false, goog:chromeOptions: {debuggerAddress: localhost:62056}, handlesAlerts:
                     true, hasTouchScreen: false, javascriptEnabled: true, locationContextEnabled: true, mobileEmulationEnabled: false, nativeEvents:
                     true, networkConnectionEnabled: false, pageLoadStrategy: normal, platform: MAC, platformName: MAC, rotatable: false, setWindowRect:
                     true, takesHeapSnapshot: true, takesScreenshot: true, unexpectedAlertBehaviour: , unhandledPromptBehavior: , version: 70.0.3538.102,
                     webStorageEnabled: true}
                     Session ID: 1852b25da7f7627812250cac555c2b52
                     *** Element info: {Using=id, value=}
                     
                  </a>
                   
                  
               </td>
            </tr>
            <tr>
               <td colspan="4" class="detailsBox">
                  <div id="test_fbSignup.CreateFBAccount_verifyDropdownFuntionlity_byStatus_failed_FAIL3_details"
                       class="testMethodDetails">
                     <div>
                        <b>Name: </b>verifyDropdownFuntionlity
                     </div>
                     <div>
                        <b>Signature: </b>verifyDropdownFuntionlity()[pri:0, instance:test_fbSignup.CreateFBAccount@1554909b]
                     </div>
                     <div>
                        <b>Start time: </b>11:38:39
                     </div>
                     <div>
                        <b>End time: </b>11:38:39
                     </div>
                     <div>
                        <b>Duration: </b>20 ms
                        
                     </div>
                  </div>
               </td>
            </tr>
            <tr>
               <td colspan="4" class="detailsBox">
                  <div id="test_fbSignup.CreateFBAccount_verifyDropdownFuntionlity_byStatus_failed_FAIL3_exception"
                       class="testMethodDetails">
                     <pre style="padding: 5px; margin: 0;">org.openqa.selenium.NoSuchElementException: no such element: Unable to locate element: {"method":"id","selector":""}
                        (Session info: chrome=70.0.3538.102)
                        (Driver info: chromedriver=2.41.578706 (5f725d1b4f0a4acbf5259df887244095596231db),platform=Mac OS X 10.14.1 x86_64) (WARNING:
                        The server did not provide any stacktrace information)
                        Command duration or timeout: 0 milliseconds
                        For documentation on this error, please visit: http://seleniumhq.org/exceptions/no_such_element.html
                        Build info: version: '3.14.0', revision: 'aacccce0', time: '2018-08-02T20:05:20.749Z'
                        System info: host: 'Sadeks-MacBook-Pro.local', ip: '2604:2000:9903:1400:0:0:0:7%en0', os.name: 'Mac OS X', os.arch: 'x86_64',
                        os.version: '10.14.1', java.version: '1.8.0_171'
                        Driver info: org.openqa.selenium.chrome.ChromeDriver
                        Capabilities {acceptInsecureCerts: false, acceptSslCerts: false, applicationCacheEnabled: false, browserConnectionEnabled:
                        false, browserName: chrome, chrome: {chromedriverVersion: 2.41.578706 (5f725d1b4f0a4a..., userDataDir: /var/folders/34/5xq3fsv12wg...},
                        cssSelectorsEnabled: true, databaseEnabled: false, goog:chromeOptions: {debuggerAddress: localhost:62056}, handlesAlerts:
                        true, hasTouchScreen: false, javascriptEnabled: true, locationContextEnabled: true, mobileEmulationEnabled: false, nativeEvents:
                        true, networkConnectionEnabled: false, pageLoadStrategy: normal, platform: MAC, platformName: MAC, rotatable: false, setWindowRect:
                        true, takesHeapSnapshot: true, takesScreenshot: true, unexpectedAlertBehaviour: , unhandledPromptBehavior: , version: 70.0.3538.102,
                        webStorageEnabled: true}
                        Session ID: 1852b25da7f7627812250cac555c2b52
                        *** Element info: {Using=id, value=}
                        	at sun.reflect.NativeConstructorAccessorImpl.newInstance0(Native Method)
                        	at sun.reflect.NativeConstructorAccessorImpl.newInstance(NativeConstructorAccessorImpl.java:62)
                        	at sun.reflect.DelegatingConstructorAccessorImpl.newInstance(DelegatingConstructorAccessorImpl.java:45)
                        	at java.lang.reflect.Constructor.newInstance(Constructor.java:423)
                        	at org.openqa.selenium.remote.ErrorHandler.createThrowable(ErrorHandler.java:214)
                        	at org.openqa.selenium.remote.ErrorHandler.throwIfResponseFailed(ErrorHandler.java:166)
                        	at org.openqa.selenium.remote.http.JsonHttpResponseCodec.reconstructValue(JsonHttpResponseCodec.java:40)
                        	at org.openqa.selenium.remote.http.AbstractHttpResponseCodec.decode(AbstractHttpResponseCodec.java:80)
                        	at org.openqa.selenium.remote.http.AbstractHttpResponseCodec.decode(AbstractHttpResponseCodec.java:44)
                        	at org.openqa.selenium.remote.HttpCommandExecutor.execute(HttpCommandExecutor.java:158)
                        	at org.openqa.selenium.remote.service.DriverCommandExecutor.execute(DriverCommandExecutor.java:83)
                        	at org.openqa.selenium.remote.RemoteWebDriver.execute(RemoteWebDriver.java:548)
                        	at org.openqa.selenium.remote.RemoteWebDriver.findElement(RemoteWebDriver.java:322)
                        	at org.openqa.selenium.remote.RemoteWebDriver.findElementById(RemoteWebDriver.java:368)
                        	at org.openqa.selenium.By$ById.findElement(By.java:188)
                        	at org.openqa.selenium.remote.RemoteWebDriver.findElement(RemoteWebDriver.java:314)
                        	at utils.SWDFunctions.dropDownByIdUsingValue(SWDFunctions.java:47)
                        	at test_fbSignup.CreateFBAccount.verifyDropdownFuntionlity(CreateFBAccount.java:12)
                        	at sun.reflect.NativeMethodAccessorImpl.invoke0(Native Method)
                        	at sun.reflect.NativeMethodAccessorImpl.invoke(NativeMethodAccessorImpl.java:62)
                        	at sun.reflect.DelegatingMethodAccessorImpl.invoke(DelegatingMethodAccessorImpl.java:43)
                        	at java.lang.reflect.Method.invoke(Method.java:498)
                        	at org.testng.internal.MethodInvocationHelper.invokeMethod(MethodInvocationHelper.java:85)
                        	at org.testng.internal.Invoker.invokeMethod(Invoker.java:639)
                        	at org.testng.internal.Invoker.invokeTestMethod(Invoker.java:816)
                        	at org.testng.internal.Invoker.invokeTestMethods(Invoker.java:1124)
                        	at org.testng.internal.TestMethodWorker.invokeTestMethods(TestMethodWorker.java:125)
                        	at org.testng.internal.TestMethodWorker.run(TestMethodWorker.java:108)
                        	at org.testng.TestRunner.privateRun(TestRunner.java:774)
                        	at org.testng.TestRunner.run(TestRunner.java:624)
                        	at org.testng.SuiteRunner.runTest(SuiteRunner.java:359)
                        	at org.testng.SuiteRunner.runSequentially(SuiteRunner.java:354)
                        	at org.testng.SuiteRunner.privateRun(SuiteRunner.java:312)
                        	at org.testng.SuiteRunner.run(SuiteRunner.java:261)
                        	at org.testng.SuiteRunnerWorker.runSuite(SuiteRunnerWorker.java:52)
                        	at org.testng.SuiteRunnerWorker.run(SuiteRunnerWorker.java:86)
                        	at org.testng.TestNG.runSuitesSequentially(TestNG.java:1215)
                        	at org.testng.TestNG.runSuitesLocally(TestNG.java:1140)
                        	at org.testng.TestNG.run(TestNG.java:1048)
                        	at org.testng.TestNG.privateMain(TestNG.java:1355)
                        	at org.testng.TestNG.main(TestNG.java:1324)
                     </pre>
                  </div>
               </td>
            </tr>
            <tr id="test_fbLogin.TC1_LoginWithInvalidCredential_setUp_byStatus_passed_PASS1_row"
                class="testMethodStatusPASS testMethodStatusCONF">
               <td width="100%" class="firstMethodCell">
                  <a onclick="toggleDetailsVisibility('test_fbLogin.TC1_LoginWithInvalidCredential_setUp_byStatus_passed_PASS1_details')">setUp(ch)</a>
               </td>
               <td nowrap="true">11:38:15</td>
               <td nowrap="true" align="right">9s
                  
               </td>
               <td nowrap="true">
                   
                  
               </td>
            </tr>
            <tr>
               <td colspan="4" class="detailsBox">
                  <div id="test_fbLogin.TC1_LoginWithInvalidCredential_setUp_byStatus_passed_PASS1_details"
                       class="testMethodDetails">
                     <div>
                        <b>Name: </b>setUp
                     </div>
                     <div>
                        <b>Signature: </b>setUp(java.lang.String)[pri:0, instance:test_fbLogin.TC1_LoginWithInvalidCredential@566776ad]
                     </div>
                     <div>
                        <b>Parameters: </b>
                        
                        ch
                        
                        
                     </div>
                     <div>
                        <b>Start time: </b>11:38:15
                     </div>
                     <div>
                        <b>End time: </b>11:38:24
                     </div>
                     <div>
                        <b>Duration: </b>9s
                        
                     </div>
                  </div>
               </td>
            </tr>
            <tr></tr>
            <tr id="test_fbLogin.TC1_LoginWithInvalidCredential_tearDown_byStatus_passed_PASS2_row"
                class="testMethodStatusPASS testMethodStatusCONF">
               <td width="100%" class="firstMethodCell">
                  <a onclick="toggleDetailsVisibility('test_fbLogin.TC1_LoginWithInvalidCredential_tearDown_byStatus_passed_PASS2_details')">tearDown()</a>
               </td>
               <td nowrap="true">11:38:25</td>
               <td nowrap="true" align="right">197 ms
                  
               </td>
               <td nowrap="true">
                   
                  
               </td>
            </tr>
            <tr>
               <td colspan="4" class="detailsBox">
                  <div id="test_fbLogin.TC1_LoginWithInvalidCredential_tearDown_byStatus_passed_PASS2_details"
                       class="testMethodDetails">
                     <div>
                        <b>Name: </b>tearDown
                     </div>
                     <div>
                        <b>Signature: </b>tearDown()[pri:0, instance:test_fbLogin.TC1_LoginWithInvalidCredential@566776ad]
                     </div>
                     <div>
                        <b>Start time: </b>11:38:25
                     </div>
                     <div>
                        <b>End time: </b>11:38:25
                     </div>
                     <div>
                        <b>Duration: </b>197 ms
                        
                     </div>
                  </div>
               </td>
            </tr>
            <tr></tr>
            <tr id="test_fbLogin.TC1_LoginWithInvalidCredential_closeDriver_byStatus_passed_PASS3_row"
                class="testMethodStatusPASS testMethodStatusCONF">
               <td width="100%" class="firstMethodCell">
                  <a onclick="toggleDetailsVisibility('test_fbLogin.TC1_LoginWithInvalidCredential_closeDriver_byStatus_passed_PASS3_details')">closeDriver()</a>
               </td>
               <td nowrap="true">11:38:52</td>
               <td nowrap="true" align="right">21 ms
                  
               </td>
               <td nowrap="true">
                   
                  
               </td>
            </tr>
            <tr>
               <td colspan="4" class="detailsBox">
                  <div id="test_fbLogin.TC1_LoginWithInvalidCredential_closeDriver_byStatus_passed_PASS3_details"
                       class="testMethodDetails">
                     <div>
                        <b>Name: </b>closeDriver
                     </div>
                     <div>
                        <b>Signature: </b>closeDriver()[pri:0, instance:test_fbLogin.TC1_LoginWithInvalidCredential@566776ad]
                     </div>
                     <div>
                        <b>Start time: </b>11:38:52
                     </div>
                     <div>
                        <b>End time: </b>11:38:52
                     </div>
                     <div>
                        <b>Duration: </b>21 ms
                        
                     </div>
                  </div>
               </td>
            </tr>
            <tr></tr>
            <tr id="test_fbLogin.TC2_LoginWithInvalidPassword_setUp_byStatus_passed_PASS4_row"
                class="testMethodStatusPASS testMethodStatusCONF">
               <td width="100%" class="firstMethodCell">
                  <a onclick="toggleDetailsVisibility('test_fbLogin.TC2_LoginWithInvalidPassword_setUp_byStatus_passed_PASS4_details')">setUp(ch)</a>
               </td>
               <td nowrap="true">11:38:25</td>
               <td nowrap="true" align="right">6s
                  
               </td>
               <td nowrap="true">
                   
                  
               </td>
            </tr>
            <tr>
               <td colspan="4" class="detailsBox">
                  <div id="test_fbLogin.TC2_LoginWithInvalidPassword_setUp_byStatus_passed_PASS4_details"
                       class="testMethodDetails">
                     <div>
                        <b>Name: </b>setUp
                     </div>
                     <div>
                        <b>Signature: </b>setUp(java.lang.String)[pri:0, instance:test_fbLogin.TC2_LoginWithInvalidPassword@6108b2d7]
                     </div>
                     <div>
                        <b>Parameters: </b>
                        
                        ch
                        
                        
                     </div>
                     <div>
                        <b>Start time: </b>11:38:25
                     </div>
                     <div>
                        <b>End time: </b>11:38:32
                     </div>
                     <div>
                        <b>Duration: </b>6s
                        
                     </div>
                  </div>
               </td>
            </tr>
            <tr></tr>
            <tr id="test_fbLogin.TC2_LoginWithInvalidPassword_tearDown_byStatus_passed_PASS5_row"
                class="testMethodStatusPASS testMethodStatusCONF">
               <td width="100%" class="firstMethodCell">
                  <a onclick="toggleDetailsVisibility('test_fbLogin.TC2_LoginWithInvalidPassword_tearDown_byStatus_passed_PASS5_details')">tearDown()</a>
               </td>
               <td nowrap="true">11:38:32</td>
               <td nowrap="true" align="right">120 ms
                  
               </td>
               <td nowrap="true">
                   
                  
               </td>
            </tr>
            <tr>
               <td colspan="4" class="detailsBox">
                  <div id="test_fbLogin.TC2_LoginWithInvalidPassword_tearDown_byStatus_passed_PASS5_details"
                       class="testMethodDetails">
                     <div>
                        <b>Name: </b>tearDown
                     </div>
                     <div>
                        <b>Signature: </b>tearDown()[pri:0, instance:test_fbLogin.TC2_LoginWithInvalidPassword@6108b2d7]
                     </div>
                     <div>
                        <b>Start time: </b>11:38:32
                     </div>
                     <div>
                        <b>End time: </b>11:38:32
                     </div>
                     <div>
                        <b>Duration: </b>120 ms
                        
                     </div>
                  </div>
               </td>
            </tr>
            <tr></tr>
            <tr id="test_fbSignup.CreateFBAccount_setUp_byStatus_passed_PASS6_row"
                class="testMethodStatusPASS testMethodStatusCONF">
               <td width="100%" class="firstMethodCell">
                  <a onclick="toggleDetailsVisibility('test_fbSignup.CreateFBAccount_setUp_byStatus_passed_PASS6_details')">setUp(ch)</a>
               </td>
               <td nowrap="true">11:38:32</td>
               <td nowrap="true" align="right">7s
                  
               </td>
               <td nowrap="true">
                   
                  
               </td>
            </tr>
            <tr>
               <td colspan="4" class="detailsBox">
                  <div id="test_fbSignup.CreateFBAccount_setUp_byStatus_passed_PASS6_details"
                       class="testMethodDetails">
                     <div>
                        <b>Name: </b>setUp
                     </div>
                     <div>
                        <b>Signature: </b>setUp(java.lang.String)[pri:0, instance:test_fbSignup.CreateFBAccount@1554909b]
                     </div>
                     <div>
                        <b>Parameters: </b>
                        
                        ch
                        
                        
                     </div>
                     <div>
                        <b>Start time: </b>11:38:32
                     </div>
                     <div>
                        <b>End time: </b>11:38:39
                     </div>
                     <div>
                        <b>Duration: </b>7s
                        
                     </div>
                  </div>
               </td>
            </tr>
            <tr></tr>
            <tr id="test_fbSignup.CreateFBAccount_tearDown_byStatus_passed_PASS7_row"
                class="testMethodStatusPASS testMethodStatusCONF">
               <td width="100%" class="firstMethodCell">
                  <a onclick="toggleDetailsVisibility('test_fbSignup.CreateFBAccount_tearDown_byStatus_passed_PASS7_details')">tearDown()</a>
               </td>
               <td nowrap="true">11:38:39</td>
               <td nowrap="true" align="right">118 ms
                  
               </td>
               <td nowrap="true">
                   
                  
               </td>
            </tr>
            <tr>
               <td colspan="4" class="detailsBox">
                  <div id="test_fbSignup.CreateFBAccount_tearDown_byStatus_passed_PASS7_details"
                       class="testMethodDetails">
                     <div>
                        <b>Name: </b>tearDown
                     </div>
                     <div>
                        <b>Signature: </b>tearDown()[pri:0, instance:test_fbSignup.CreateFBAccount@1554909b]
                     </div>
                     <div>
                        <b>Start time: </b>11:38:39
                     </div>
                     <div>
                        <b>End time: </b>11:38:39
                     </div>
                     <div>
                        <b>Duration: </b>118 ms
                        
                     </div>
                  </div>
               </td>
            </tr>
            <tr></tr>
            <tr id="test_assert.AssertTesting_setUp_byStatus_passed_PASS8_row"
                class="testMethodStatusPASS testMethodStatusCONF">
               <td width="100%" class="firstMethodCell">
                  <a onclick="toggleDetailsVisibility('test_assert.AssertTesting_setUp_byStatus_passed_PASS8_details')">setUp(ch)</a>
               </td>
               <td nowrap="true">11:38:39</td>
               <td nowrap="true" align="right">6s
                  
               </td>
               <td nowrap="true">
                   
                  
               </td>
            </tr>
            <tr>
               <td colspan="4" class="detailsBox">
                  <div id="test_assert.AssertTesting_setUp_byStatus_passed_PASS8_details"
                       class="testMethodDetails">
                     <div>
                        <b>Name: </b>setUp
                     </div>
                     <div>
                        <b>Signature: </b>setUp(java.lang.String)[pri:0, instance:test_assert.AssertTesting@6bf256fa]
                     </div>
                     <div>
                        <b>Parameters: </b>
                        
                        ch
                        
                        
                     </div>
                     <div>
                        <b>Start time: </b>11:38:39
                     </div>
                     <div>
                        <b>End time: </b>11:38:45
                     </div>
                     <div>
                        <b>Duration: </b>6s
                        
                     </div>
                  </div>
               </td>
            </tr>
            <tr></tr>
            <tr id="test_assert.AssertTesting_testAssertion_byStatus_passed_PASS9_row"
                class="testMethodStatusPASS">
               <td width="100%" class="firstMethodCell">
                  <a onclick="toggleDetailsVisibility('test_assert.AssertTesting_testAssertion_byStatus_passed_PASS9_details')">testAssertion()</a>
               </td>
               <td nowrap="true">11:38:45</td>
               <td nowrap="true" align="right">46 ms
                  
               </td>
               <td nowrap="true">
                   
                  
               </td>
            </tr>
            <tr>
               <td colspan="4" class="detailsBox">
                  <div id="test_assert.AssertTesting_testAssertion_byStatus_passed_PASS9_details"
                       class="testMethodDetails">
                     <div>
                        <b>Name: </b>testAssertion
                     </div>
                     <div>
                        <b>Signature: </b>testAssertion()[pri:0, instance:test_assert.AssertTesting@6bf256fa]
                     </div>
                     <div>
                        <b>Start time: </b>11:38:45
                     </div>
                     <div>
                        <b>End time: </b>11:38:45
                     </div>
                     <div>
                        <b>Duration: </b>46 ms
                        
                     </div>
                  </div>
               </td>
            </tr>
            <tr></tr>
            <tr id="test_assert.AssertTesting_tearDown_byStatus_passed_PASS10_row"
                class="testMethodStatusPASS testMethodStatusCONF">
               <td width="100%" class="firstMethodCell">
                  <a onclick="toggleDetailsVisibility('test_assert.AssertTesting_tearDown_byStatus_passed_PASS10_details')">tearDown()</a>
               </td>
               <td nowrap="true">11:38:45</td>
               <td nowrap="true" align="right">177 ms
                  
               </td>
               <td nowrap="true">
                   
                  
               </td>
            </tr>
            <tr>
               <td colspan="4" class="detailsBox">
                  <div id="test_assert.AssertTesting_tearDown_byStatus_passed_PASS10_details"
                       class="testMethodDetails">
                     <div>
                        <b>Name: </b>tearDown
                     </div>
                     <div>
                        <b>Signature: </b>tearDown()[pri:0, instance:test_assert.AssertTesting@6bf256fa]
                     </div>
                     <div>
                        <b>Start time: </b>11:38:45
                     </div>
                     <div>
                        <b>End time: </b>11:38:46
                     </div>
                     <div>
                        <b>Duration: </b>177 ms
                        
                     </div>
                  </div>
               </td>
            </tr>
            <tr></tr>
            <tr id="test_assert.AssertTesting_setUp_byStatus_passed_PASS11_row"
                class="testMethodStatusPASS testMethodStatusCONF">
               <td width="100%" class="firstMethodCell">
                  <a onclick="toggleDetailsVisibility('test_assert.AssertTesting_setUp_byStatus_passed_PASS11_details')">setUp(ch)</a>
               </td>
               <td nowrap="true">11:38:46</td>
               <td nowrap="true" align="right">6s
                  
               </td>
               <td nowrap="true">
                   
                  
               </td>
            </tr>
            <tr>
               <td colspan="4" class="detailsBox">
                  <div id="test_assert.AssertTesting_setUp_byStatus_passed_PASS11_details"
                       class="testMethodDetails">
                     <div>
                        <b>Name: </b>setUp
                     </div>
                     <div>
                        <b>Signature: </b>setUp(java.lang.String)[pri:0, instance:test_assert.AssertTesting@6bf256fa]
                     </div>
                     <div>
                        <b>Parameters: </b>
                        
                        ch
                        
                        
                     </div>
                     <div>
                        <b>Start time: </b>11:38:46
                     </div>
                     <div>
                        <b>End time: </b>11:38:52
                     </div>
                     <div>
                        <b>Duration: </b>6s
                        
                     </div>
                  </div>
               </td>
            </tr>
            <tr></tr>
            <tr id="test_assert.AssertTesting_tearDown_byStatus_passed_PASS12_row"
                class="testMethodStatusPASS testMethodStatusCONF">
               <td width="100%" class="firstMethodCell">
                  <a onclick="toggleDetailsVisibility('test_assert.AssertTesting_tearDown_byStatus_passed_PASS12_details')">tearDown()</a>
               </td>
               <td nowrap="true">11:38:52</td>
               <td nowrap="true" align="right">173 ms
                  
               </td>
               <td nowrap="true">
                   
                  
               </td>
            </tr>
            <tr>
               <td colspan="4" class="detailsBox">
                  <div id="test_assert.AssertTesting_tearDown_byStatus_passed_PASS12_details"
                       class="testMethodDetails">
                     <div>
                        <b>Name: </b>tearDown
                     </div>
                     <div>
                        <b>Signature: </b>tearDown()[pri:0, instance:test_assert.AssertTesting@6bf256fa]
                     </div>
                     <div>
                        <b>Start time: </b>11:38:52
                     </div>
                     <div>
                        <b>End time: </b>11:38:52
                     </div>
                     <div>
                        <b>Duration: </b>173 ms
                        
                     </div>
                  </div>
               </td>
            </tr>
            <tr></tr>
            <tr id="test_assert.AssertTesting_testSoftAssert_byStatus_skiped_SKIP1_row"
                class="testMethodStatusSKIP">
               <td width="100%" class="firstMethodCell">
                  <a onclick="toggleDetailsVisibility('test_assert.AssertTesting_testSoftAssert_byStatus_skiped_SKIP1_details')">testSoftAssert()</a>
               </td>
               <td nowrap="true">11:38:52</td>
               <td nowrap="true" align="right">39 ms
                  
               </td>
               <td nowrap="true">
                  <a onclick="toggleDetailsVisibility('test_assert.AssertTesting_testSoftAssert_byStatus_skiped_SKIP1_exception')">org.testng.SkipException: 
                     Skipping it becuase this test case no longer needed: JIRA-1233
                     
                  </a>
                   
                  
               </td>
            </tr>
            <tr>
               <td colspan="4" class="detailsBox">
                  <div id="test_assert.AssertTesting_testSoftAssert_byStatus_skiped_SKIP1_details"
                       class="testMethodDetails">
                     <div>
                        <b>Name: </b>testSoftAssert
                     </div>
                     <div>
                        <b>Signature: </b>testSoftAssert()[pri:0, instance:test_assert.AssertTesting@6bf256fa]
                     </div>
                     <div>
                        <b>Start time: </b>11:38:52
                     </div>
                     <div>
                        <b>End time: </b>11:38:52
                     </div>
                     <div>
                        <b>Duration: </b>39 ms
                        
                     </div>
                  </div>
               </td>
            </tr>
            <tr>
               <td colspan="4" class="detailsBox">
                  <div id="test_assert.AssertTesting_testSoftAssert_byStatus_skiped_SKIP1_exception"
                       class="testMethodDetails">
                     <pre style="padding: 5px; margin: 0;">org.testng.SkipException: Skipping it becuase this test case no longer needed: JIRA-1233
                        	at test_assert.AssertTesting.testSoftAssert(AssertTesting.java:47)
                        	at sun.reflect.NativeMethodAccessorImpl.invoke0(Native Method)
                        	at sun.reflect.NativeMethodAccessorImpl.invoke(NativeMethodAccessorImpl.java:62)
                        	at sun.reflect.DelegatingMethodAccessorImpl.invoke(DelegatingMethodAccessorImpl.java:43)
                        	at java.lang.reflect.Method.invoke(Method.java:498)
                        	at org.testng.internal.MethodInvocationHelper.invokeMethod(MethodInvocationHelper.java:85)
                        	at org.testng.internal.Invoker.invokeMethod(Invoker.java:639)
                        	at org.testng.internal.Invoker.invokeTestMethod(Invoker.java:816)
                        	at org.testng.internal.Invoker.invokeTestMethods(Invoker.java:1124)
                        	at org.testng.internal.TestMethodWorker.invokeTestMethods(TestMethodWorker.java:125)
                        	at org.testng.internal.TestMethodWorker.run(TestMethodWorker.java:108)
                        	at org.testng.TestRunner.privateRun(TestRunner.java:774)
                        	at org.testng.TestRunner.run(TestRunner.java:624)
                        	at org.testng.SuiteRunner.runTest(SuiteRunner.java:359)
                        	at org.testng.SuiteRunner.runSequentially(SuiteRunner.java:354)
                        	at org.testng.SuiteRunner.privateRun(SuiteRunner.java:312)
                        	at org.testng.SuiteRunner.run(SuiteRunner.java:261)
                        	at org.testng.SuiteRunnerWorker.runSuite(SuiteRunnerWorker.java:52)
                        	at org.testng.SuiteRunnerWorker.run(SuiteRunnerWorker.java:86)
                        	at org.testng.TestNG.runSuitesSequentially(TestNG.java:1215)
                        	at org.testng.TestNG.runSuitesLocally(TestNG.java:1140)
                        	at org.testng.TestNG.run(TestNG.java:1048)
                        	at org.testng.TestNG.privateMain(TestNG.java:1355)
                        	at org.testng.TestNG.main(TestNG.java:1324)
                     </pre>
                  </div>
               </td>
            </tr>
         </table>
      </div>
      <div id="testMethodsByClass" style="display: none;">
         <table class="testMethodsTable" cellpadding="0" cellspacing="0">
            <tr>
               <td colspan="4">
                  <h3 style="display: inline;">test_assert.AssertTesting</h3>
               </td>
            </tr>
            <tr class="methodsTableHeader">
               <td width="100%">Name</td>
               <td nowrap="true">Started</td>
               <td nowrap="true">Duration</td>
               <td>Exception</td>
            </tr>
            <tr id="test_assert.AssertTesting_setUp_byClass_PASS1_row"
                class="testMethodStatusPASS testMethodStatusCONF">
               <td width="100%" class="firstMethodCell">
                  <a onclick="toggleDetailsVisibility('test_assert.AssertTesting_setUp_byClass_PASS1_details')">setUp(ch)</a>
               </td>
               <td nowrap="true">11:38:39</td>
               <td nowrap="true" align="right">6s
                  
               </td>
               <td nowrap="true">
                   
                  
               </td>
            </tr>
            <tr>
               <td colspan="4" class="detailsBox">
                  <div id="test_assert.AssertTesting_setUp_byClass_PASS1_details"
                       class="testMethodDetails">
                     <div>
                        <b>Name: </b>setUp
                     </div>
                     <div>
                        <b>Signature: </b>setUp(java.lang.String)[pri:0, instance:test_assert.AssertTesting@6bf256fa]
                     </div>
                     <div>
                        <b>Parameters: </b>
                        
                        ch
                        
                        
                     </div>
                     <div>
                        <b>Start time: </b>11:38:39
                     </div>
                     <div>
                        <b>End time: </b>11:38:45
                     </div>
                     <div>
                        <b>Duration: </b>6s
                        
                     </div>
                  </div>
               </td>
            </tr>
            <tr></tr>
            <tr id="test_assert.AssertTesting_testAssertion_byClass_PASS2_row"
                class="testMethodStatusPASS">
               <td width="100%" class="firstMethodCell">
                  <a onclick="toggleDetailsVisibility('test_assert.AssertTesting_testAssertion_byClass_PASS2_details')">testAssertion()</a>
               </td>
               <td nowrap="true">11:38:45</td>
               <td nowrap="true" align="right">46 ms
                  
               </td>
               <td nowrap="true">
                   
                  
               </td>
            </tr>
            <tr>
               <td colspan="4" class="detailsBox">
                  <div id="test_assert.AssertTesting_testAssertion_byClass_PASS2_details"
                       class="testMethodDetails">
                     <div>
                        <b>Name: </b>testAssertion
                     </div>
                     <div>
                        <b>Signature: </b>testAssertion()[pri:0, instance:test_assert.AssertTesting@6bf256fa]
                     </div>
                     <div>
                        <b>Start time: </b>11:38:45
                     </div>
                     <div>
                        <b>End time: </b>11:38:45
                     </div>
                     <div>
                        <b>Duration: </b>46 ms
                        
                     </div>
                  </div>
               </td>
            </tr>
            <tr></tr>
            <tr id="test_assert.AssertTesting_tearDown_byClass_PASS3_row"
                class="testMethodStatusPASS testMethodStatusCONF">
               <td width="100%" class="firstMethodCell">
                  <a onclick="toggleDetailsVisibility('test_assert.AssertTesting_tearDown_byClass_PASS3_details')">tearDown()</a>
               </td>
               <td nowrap="true">11:38:45</td>
               <td nowrap="true" align="right">177 ms
                  
               </td>
               <td nowrap="true">
                   
                  
               </td>
            </tr>
            <tr>
               <td colspan="4" class="detailsBox">
                  <div id="test_assert.AssertTesting_tearDown_byClass_PASS3_details"
                       class="testMethodDetails">
                     <div>
                        <b>Name: </b>tearDown
                     </div>
                     <div>
                        <b>Signature: </b>tearDown()[pri:0, instance:test_assert.AssertTesting@6bf256fa]
                     </div>
                     <div>
                        <b>Start time: </b>11:38:45
                     </div>
                     <div>
                        <b>End time: </b>11:38:46
                     </div>
                     <div>
                        <b>Duration: </b>177 ms
                        
                     </div>
                  </div>
               </td>
            </tr>
            <tr></tr>
            <tr id="test_assert.AssertTesting_setUp_byClass_PASS4_row"
                class="testMethodStatusPASS testMethodStatusCONF">
               <td width="100%" class="firstMethodCell">
                  <a onclick="toggleDetailsVisibility('test_assert.AssertTesting_setUp_byClass_PASS4_details')">setUp(ch)</a>
               </td>
               <td nowrap="true">11:38:46</td>
               <td nowrap="true" align="right">6s
                  
               </td>
               <td nowrap="true">
                   
                  
               </td>
            </tr>
            <tr>
               <td colspan="4" class="detailsBox">
                  <div id="test_assert.AssertTesting_setUp_byClass_PASS4_details"
                       class="testMethodDetails">
                     <div>
                        <b>Name: </b>setUp
                     </div>
                     <div>
                        <b>Signature: </b>setUp(java.lang.String)[pri:0, instance:test_assert.AssertTesting@6bf256fa]
                     </div>
                     <div>
                        <b>Parameters: </b>
                        
                        ch
                        
                        
                     </div>
                     <div>
                        <b>Start time: </b>11:38:46
                     </div>
                     <div>
                        <b>End time: </b>11:38:52
                     </div>
                     <div>
                        <b>Duration: </b>6s
                        
                     </div>
                  </div>
               </td>
            </tr>
            <tr></tr>
            <tr id="test_assert.AssertTesting_testSoftAssert_byClass_SKIP5_row"
                class="testMethodStatusSKIP">
               <td width="100%" class="firstMethodCell">
                  <a onclick="toggleDetailsVisibility('test_assert.AssertTesting_testSoftAssert_byClass_SKIP5_details')">testSoftAssert()</a>
               </td>
               <td nowrap="true">11:38:52</td>
               <td nowrap="true" align="right">39 ms
                  
               </td>
               <td nowrap="true">
                  <a onclick="toggleDetailsVisibility('test_assert.AssertTesting_testSoftAssert_byClass_SKIP5_exception')">org.testng.SkipException: 
                     Skipping it becuase this test case no longer needed: JIRA-1233
                     
                  </a>
                   
                  
               </td>
            </tr>
            <tr>
               <td colspan="4" class="detailsBox">
                  <div id="test_assert.AssertTesting_testSoftAssert_byClass_SKIP5_details"
                       class="testMethodDetails">
                     <div>
                        <b>Name: </b>testSoftAssert
                     </div>
                     <div>
                        <b>Signature: </b>testSoftAssert()[pri:0, instance:test_assert.AssertTesting@6bf256fa]
                     </div>
                     <div>
                        <b>Start time: </b>11:38:52
                     </div>
                     <div>
                        <b>End time: </b>11:38:52
                     </div>
                     <div>
                        <b>Duration: </b>39 ms
                        
                     </div>
                  </div>
               </td>
            </tr>
            <tr>
               <td colspan="4" class="detailsBox">
                  <div id="test_assert.AssertTesting_testSoftAssert_byClass_SKIP5_exception"
                       class="testMethodDetails">
                     <pre style="padding: 5px; margin: 0;">org.testng.SkipException: Skipping it becuase this test case no longer needed: JIRA-1233
                        	at test_assert.AssertTesting.testSoftAssert(AssertTesting.java:47)
                        	at sun.reflect.NativeMethodAccessorImpl.invoke0(Native Method)
                        	at sun.reflect.NativeMethodAccessorImpl.invoke(NativeMethodAccessorImpl.java:62)
                        	at sun.reflect.DelegatingMethodAccessorImpl.invoke(DelegatingMethodAccessorImpl.java:43)
                        	at java.lang.reflect.Method.invoke(Method.java:498)
                        	at org.testng.internal.MethodInvocationHelper.invokeMethod(MethodInvocationHelper.java:85)
                        	at org.testng.internal.Invoker.invokeMethod(Invoker.java:639)
                        	at org.testng.internal.Invoker.invokeTestMethod(Invoker.java:816)
                        	at org.testng.internal.Invoker.invokeTestMethods(Invoker.java:1124)
                        	at org.testng.internal.TestMethodWorker.invokeTestMethods(TestMethodWorker.java:125)
                        	at org.testng.internal.TestMethodWorker.run(TestMethodWorker.java:108)
                        	at org.testng.TestRunner.privateRun(TestRunner.java:774)
                        	at org.testng.TestRunner.run(TestRunner.java:624)
                        	at org.testng.SuiteRunner.runTest(SuiteRunner.java:359)
                        	at org.testng.SuiteRunner.runSequentially(SuiteRunner.java:354)
                        	at org.testng.SuiteRunner.privateRun(SuiteRunner.java:312)
                        	at org.testng.SuiteRunner.run(SuiteRunner.java:261)
                        	at org.testng.SuiteRunnerWorker.runSuite(SuiteRunnerWorker.java:52)
                        	at org.testng.SuiteRunnerWorker.run(SuiteRunnerWorker.java:86)
                        	at org.testng.TestNG.runSuitesSequentially(TestNG.java:1215)
                        	at org.testng.TestNG.runSuitesLocally(TestNG.java:1140)
                        	at org.testng.TestNG.run(TestNG.java:1048)
                        	at org.testng.TestNG.privateMain(TestNG.java:1355)
                        	at org.testng.TestNG.main(TestNG.java:1324)
                     </pre>
                  </div>
               </td>
            </tr>
            <tr id="test_assert.AssertTesting_tearDown_byClass_PASS6_row"
                class="testMethodStatusPASS testMethodStatusCONF">
               <td width="100%" class="firstMethodCell">
                  <a onclick="toggleDetailsVisibility('test_assert.AssertTesting_tearDown_byClass_PASS6_details')">tearDown()</a>
               </td>
               <td nowrap="true">11:38:52</td>
               <td nowrap="true" align="right">173 ms
                  
               </td>
               <td nowrap="true">
                   
                  
               </td>
            </tr>
            <tr>
               <td colspan="4" class="detailsBox">
                  <div id="test_assert.AssertTesting_tearDown_byClass_PASS6_details"
                       class="testMethodDetails">
                     <div>
                        <b>Name: </b>tearDown
                     </div>
                     <div>
                        <b>Signature: </b>tearDown()[pri:0, instance:test_assert.AssertTesting@6bf256fa]
                     </div>
                     <div>
                        <b>Start time: </b>11:38:52
                     </div>
                     <div>
                        <b>End time: </b>11:38:52
                     </div>
                     <div>
                        <b>Duration: </b>173 ms
                        
                     </div>
                  </div>
               </td>
            </tr>
            <tr></tr>
         </table>
         <br></br>
         <table class="testMethodsTable" cellpadding="0" cellspacing="0">
            <tr>
               <td colspan="4">
                  <h3 style="display: inline;">test_fbLogin.TC1_LoginWithInvalidCredential</h3>
               </td>
            </tr>
            <tr class="methodsTableHeader">
               <td width="100%">Name</td>
               <td nowrap="true">Started</td>
               <td nowrap="true">Duration</td>
               <td>Exception</td>
            </tr>
            <tr id="test_fbLogin.TC1_LoginWithInvalidCredential_setUp_byClass_PASS1_row"
                class="testMethodStatusPASS testMethodStatusCONF">
               <td width="100%" class="firstMethodCell">
                  <a onclick="toggleDetailsVisibility('test_fbLogin.TC1_LoginWithInvalidCredential_setUp_byClass_PASS1_details')">setUp(ch)</a>
               </td>
               <td nowrap="true">11:38:15</td>
               <td nowrap="true" align="right">9s
                  
               </td>
               <td nowrap="true">
                   
                  
               </td>
            </tr>
            <tr>
               <td colspan="4" class="detailsBox">
                  <div id="test_fbLogin.TC1_LoginWithInvalidCredential_setUp_byClass_PASS1_details"
                       class="testMethodDetails">
                     <div>
                        <b>Name: </b>setUp
                     </div>
                     <div>
                        <b>Signature: </b>setUp(java.lang.String)[pri:0, instance:test_fbLogin.TC1_LoginWithInvalidCredential@566776ad]
                     </div>
                     <div>
                        <b>Parameters: </b>
                        
                        ch
                        
                        
                     </div>
                     <div>
                        <b>Start time: </b>11:38:15
                     </div>
                     <div>
                        <b>End time: </b>11:38:24
                     </div>
                     <div>
                        <b>Duration: </b>9s
                        
                     </div>
                  </div>
               </td>
            </tr>
            <tr></tr>
            <tr id="test_fbLogin.TC1_LoginWithInvalidCredential_test_fbLoginWithInvalidCredential_byClass_FAIL2_row"
                class="testMethodStatusFAIL">
               <td width="100%" class="firstMethodCell">
                  <a onclick="toggleDetailsVisibility('test_fbLogin.TC1_LoginWithInvalidCredential_test_fbLoginWithInvalidCredential_byClass_FAIL2_details')">test_fbLoginWithInvalidCredential()</a>
               </td>
               <td nowrap="true">11:38:24</td>
               <td nowrap="true" align="right">463 ms
                  
               </td>
               <td nowrap="true">
                  <a onclick="toggleDetailsVisibility('test_fbLogin.TC1_LoginWithInvalidCredential_test_fbLoginWithInvalidCredential_byClass_FAIL2_exception')">org.openqa.selenium.NoSuchElementException: 
                     no such element: Unable to locate element: {"method":"xpath","selector":"//*[@id='u_0_3']"}
                     (Session info: chrome=70.0.3538.102)
                     (Driver info: chromedriver=2.41.578706 (5f725d1b4f0a4acbf5259df887244095596231db),platform=Mac OS X 10.14.1 x86_64) (WARNING:
                     The server did not provide any stacktrace information)
                     Command duration or timeout: 0 milliseconds
                     For documentation on this error, please visit: http://seleniumhq.org/exceptions/no_such_element.html
                     Build info: version: '3.14.0', revision: 'aacccce0', time: '2018-08-02T20:05:20.749Z'
                     System info: host: 'Sadeks-MacBook-Pro.local', ip: '2604:2000:9903:1400:0:0:0:7%en0', os.name: 'Mac OS X', os.arch: 'x86_64',
                     os.version: '10.14.1', java.version: '1.8.0_171'
                     Driver info: org.openqa.selenium.chrome.ChromeDriver
                     Capabilities {acceptInsecureCerts: false, acceptSslCerts: false, applicationCacheEnabled: false, browserConnectionEnabled:
                     false, browserName: chrome, chrome: {chromedriverVersion: 2.41.578706 (5f725d1b4f0a4a..., userDataDir: /var/folders/34/5xq3fsv12wg...},
                     cssSelectorsEnabled: true, databaseEnabled: false, goog:chromeOptions: {debuggerAddress: localhost:61999}, handlesAlerts:
                     true, hasTouchScreen: false, javascriptEnabled: true, locationContextEnabled: true, mobileEmulationEnabled: false, nativeEvents:
                     true, networkConnectionEnabled: false, pageLoadStrategy: normal, platform: MAC, platformName: MAC, rotatable: false, setWindowRect:
                     true, takesHeapSnapshot: true, takesScreenshot: true, unexpectedAlertBehaviour: , unhandledPromptBehavior: , version: 70.0.3538.102,
                     webStorageEnabled: true}
                     Session ID: cb4eeef54b14b256d8ee87f301dedb6c
                     *** Element info: {Using=xpath, value=//*[@id='u_0_3']}
                     
                  </a>
                   
                  
               </td>
            </tr>
            <tr>
               <td colspan="4" class="detailsBox">
                  <div id="test_fbLogin.TC1_LoginWithInvalidCredential_test_fbLoginWithInvalidCredential_byClass_FAIL2_details"
                       class="testMethodDetails">
                     <div>
                        <b>Name: </b>test_fbLoginWithInvalidCredential
                     </div>
                     <div>
                        <b>Signature: </b>test_fbLoginWithInvalidCredential()[pri:0, instance:test_fbLogin.TC1_LoginWithInvalidCredential@566776ad]
                     </div>
                     <div>
                        <b>Start time: </b>11:38:24
                     </div>
                     <div>
                        <b>End time: </b>11:38:25
                     </div>
                     <div>
                        <b>Duration: </b>463 ms
                        
                     </div>
                  </div>
               </td>
            </tr>
            <tr>
               <td colspan="4" class="detailsBox">
                  <div id="test_fbLogin.TC1_LoginWithInvalidCredential_test_fbLoginWithInvalidCredential_byClass_FAIL2_exception"
                       class="testMethodDetails">
                     <pre style="padding: 5px; margin: 0;">org.openqa.selenium.NoSuchElementException: no such element: Unable to locate element: {"method":"xpath","selector":"//*[@id='u_0_3']"}
                        (Session info: chrome=70.0.3538.102)
                        (Driver info: chromedriver=2.41.578706 (5f725d1b4f0a4acbf5259df887244095596231db),platform=Mac OS X 10.14.1 x86_64) (WARNING:
                        The server did not provide any stacktrace information)
                        Command duration or timeout: 0 milliseconds
                        For documentation on this error, please visit: http://seleniumhq.org/exceptions/no_such_element.html
                        Build info: version: '3.14.0', revision: 'aacccce0', time: '2018-08-02T20:05:20.749Z'
                        System info: host: 'Sadeks-MacBook-Pro.local', ip: '2604:2000:9903:1400:0:0:0:7%en0', os.name: 'Mac OS X', os.arch: 'x86_64',
                        os.version: '10.14.1', java.version: '1.8.0_171'
                        Driver info: org.openqa.selenium.chrome.ChromeDriver
                        Capabilities {acceptInsecureCerts: false, acceptSslCerts: false, applicationCacheEnabled: false, browserConnectionEnabled:
                        false, browserName: chrome, chrome: {chromedriverVersion: 2.41.578706 (5f725d1b4f0a4a..., userDataDir: /var/folders/34/5xq3fsv12wg...},
                        cssSelectorsEnabled: true, databaseEnabled: false, goog:chromeOptions: {debuggerAddress: localhost:61999}, handlesAlerts:
                        true, hasTouchScreen: false, javascriptEnabled: true, locationContextEnabled: true, mobileEmulationEnabled: false, nativeEvents:
                        true, networkConnectionEnabled: false, pageLoadStrategy: normal, platform: MAC, platformName: MAC, rotatable: false, setWindowRect:
                        true, takesHeapSnapshot: true, takesScreenshot: true, unexpectedAlertBehaviour: , unhandledPromptBehavior: , version: 70.0.3538.102,
                        webStorageEnabled: true}
                        Session ID: cb4eeef54b14b256d8ee87f301dedb6c
                        *** Element info: {Using=xpath, value=//*[@id='u_0_3']}
                        	at sun.reflect.NativeConstructorAccessorImpl.newInstance0(Native Method)
                        	at sun.reflect.NativeConstructorAccessorImpl.newInstance(NativeConstructorAccessorImpl.java:62)
                        	at sun.reflect.DelegatingConstructorAccessorImpl.newInstance(DelegatingConstructorAccessorImpl.java:45)
                        	at java.lang.reflect.Constructor.newInstance(Constructor.java:423)
                        	at org.openqa.selenium.remote.ErrorHandler.createThrowable(ErrorHandler.java:214)
                        	at org.openqa.selenium.remote.ErrorHandler.throwIfResponseFailed(ErrorHandler.java:166)
                        	at org.openqa.selenium.remote.http.JsonHttpResponseCodec.reconstructValue(JsonHttpResponseCodec.java:40)
                        	at org.openqa.selenium.remote.http.AbstractHttpResponseCodec.decode(AbstractHttpResponseCodec.java:80)
                        	at org.openqa.selenium.remote.http.AbstractHttpResponseCodec.decode(AbstractHttpResponseCodec.java:44)
                        	at org.openqa.selenium.remote.HttpCommandExecutor.execute(HttpCommandExecutor.java:158)
                        	at org.openqa.selenium.remote.service.DriverCommandExecutor.execute(DriverCommandExecutor.java:83)
                        	at org.openqa.selenium.remote.RemoteWebDriver.execute(RemoteWebDriver.java:548)
                        	at org.openqa.selenium.remote.RemoteWebDriver.findElement(RemoteWebDriver.java:322)
                        	at org.openqa.selenium.remote.RemoteWebDriver.findElementByXPath(RemoteWebDriver.java:424)
                        	at org.openqa.selenium.By$ByXPath.findElement(By.java:353)
                        	at org.openqa.selenium.remote.RemoteWebDriver.findElement(RemoteWebDriver.java:314)
                        	at utils.SWDFunctions.clickByXpath(SWDFunctions.java:36)
                        	at test_fbLogin.TC1_LoginWithInvalidCredential.test_fbLoginWithInvalidCredential(TC1_LoginWithInvalidCredential.java:23)
                        	at sun.reflect.NativeMethodAccessorImpl.invoke0(Native Method)
                        	at sun.reflect.NativeMethodAccessorImpl.invoke(NativeMethodAccessorImpl.java:62)
                        	at sun.reflect.DelegatingMethodAccessorImpl.invoke(DelegatingMethodAccessorImpl.java:43)
                        	at java.lang.reflect.Method.invoke(Method.java:498)
                        	at org.testng.internal.MethodInvocationHelper.invokeMethod(MethodInvocationHelper.java:85)
                        	at org.testng.internal.Invoker.invokeMethod(Invoker.java:639)
                        	at org.testng.internal.Invoker.invokeTestMethod(Invoker.java:816)
                        	at org.testng.internal.Invoker.invokeTestMethods(Invoker.java:1124)
                        	at org.testng.internal.TestMethodWorker.invokeTestMethods(TestMethodWorker.java:125)
                        	at org.testng.internal.TestMethodWorker.run(TestMethodWorker.java:108)
                        	at org.testng.TestRunner.privateRun(TestRunner.java:774)
                        	at org.testng.TestRunner.run(TestRunner.java:624)
                        	at org.testng.SuiteRunner.runTest(SuiteRunner.java:359)
                        	at org.testng.SuiteRunner.runSequentially(SuiteRunner.java:354)
                        	at org.testng.SuiteRunner.privateRun(SuiteRunner.java:312)
                        	at org.testng.SuiteRunner.run(SuiteRunner.java:261)
                        	at org.testng.SuiteRunnerWorker.runSuite(SuiteRunnerWorker.java:52)
                        	at org.testng.SuiteRunnerWorker.run(SuiteRunnerWorker.java:86)
                        	at org.testng.TestNG.runSuitesSequentially(TestNG.java:1215)
                        	at org.testng.TestNG.runSuitesLocally(TestNG.java:1140)
                        	at org.testng.TestNG.run(TestNG.java:1048)
                        	at org.testng.TestNG.privateMain(TestNG.java:1355)
                        	at org.testng.TestNG.main(TestNG.java:1324)
                     </pre>
                  </div>
               </td>
            </tr>
            <tr id="test_fbLogin.TC1_LoginWithInvalidCredential_tearDown_byClass_PASS3_row"
                class="testMethodStatusPASS testMethodStatusCONF">
               <td width="100%" class="firstMethodCell">
                  <a onclick="toggleDetailsVisibility('test_fbLogin.TC1_LoginWithInvalidCredential_tearDown_byClass_PASS3_details')">tearDown()</a>
               </td>
               <td nowrap="true">11:38:25</td>
               <td nowrap="true" align="right">197 ms
                  
               </td>
               <td nowrap="true">
                   
                  
               </td>
            </tr>
            <tr>
               <td colspan="4" class="detailsBox">
                  <div id="test_fbLogin.TC1_LoginWithInvalidCredential_tearDown_byClass_PASS3_details"
                       class="testMethodDetails">
                     <div>
                        <b>Name: </b>tearDown
                     </div>
                     <div>
                        <b>Signature: </b>tearDown()[pri:0, instance:test_fbLogin.TC1_LoginWithInvalidCredential@566776ad]
                     </div>
                     <div>
                        <b>Start time: </b>11:38:25
                     </div>
                     <div>
                        <b>End time: </b>11:38:25
                     </div>
                     <div>
                        <b>Duration: </b>197 ms
                        
                     </div>
                  </div>
               </td>
            </tr>
            <tr></tr>
            <tr id="test_fbLogin.TC1_LoginWithInvalidCredential_closeDriver_byClass_PASS4_row"
                class="testMethodStatusPASS testMethodStatusCONF">
               <td width="100%" class="firstMethodCell">
                  <a onclick="toggleDetailsVisibility('test_fbLogin.TC1_LoginWithInvalidCredential_closeDriver_byClass_PASS4_details')">closeDriver()</a>
               </td>
               <td nowrap="true">11:38:52</td>
               <td nowrap="true" align="right">21 ms
                  
               </td>
               <td nowrap="true">
                   
                  
               </td>
            </tr>
            <tr>
               <td colspan="4" class="detailsBox">
                  <div id="test_fbLogin.TC1_LoginWithInvalidCredential_closeDriver_byClass_PASS4_details"
                       class="testMethodDetails">
                     <div>
                        <b>Name: </b>closeDriver
                     </div>
                     <div>
                        <b>Signature: </b>closeDriver()[pri:0, instance:test_fbLogin.TC1_LoginWithInvalidCredential@566776ad]
                     </div>
                     <div>
                        <b>Start time: </b>11:38:52
                     </div>
                     <div>
                        <b>End time: </b>11:38:52
                     </div>
                     <div>
                        <b>Duration: </b>21 ms
                        
                     </div>
                  </div>
               </td>
            </tr>
            <tr></tr>
         </table>
         <br></br>
         <table class="testMethodsTable" cellpadding="0" cellspacing="0">
            <tr>
               <td colspan="4">
                  <h3 style="display: inline;">test_fbLogin.TC2_LoginWithInvalidPassword</h3>
               </td>
            </tr>
            <tr class="methodsTableHeader">
               <td width="100%">Name</td>
               <td nowrap="true">Started</td>
               <td nowrap="true">Duration</td>
               <td>Exception</td>
            </tr>
            <tr id="test_fbLogin.TC2_LoginWithInvalidPassword_setUp_byClass_PASS1_row"
                class="testMethodStatusPASS testMethodStatusCONF">
               <td width="100%" class="firstMethodCell">
                  <a onclick="toggleDetailsVisibility('test_fbLogin.TC2_LoginWithInvalidPassword_setUp_byClass_PASS1_details')">setUp(ch)</a>
               </td>
               <td nowrap="true">11:38:25</td>
               <td nowrap="true" align="right">6s
                  
               </td>
               <td nowrap="true">
                   
                  
               </td>
            </tr>
            <tr>
               <td colspan="4" class="detailsBox">
                  <div id="test_fbLogin.TC2_LoginWithInvalidPassword_setUp_byClass_PASS1_details"
                       class="testMethodDetails">
                     <div>
                        <b>Name: </b>setUp
                     </div>
                     <div>
                        <b>Signature: </b>setUp(java.lang.String)[pri:0, instance:test_fbLogin.TC2_LoginWithInvalidPassword@6108b2d7]
                     </div>
                     <div>
                        <b>Parameters: </b>
                        
                        ch
                        
                        
                     </div>
                     <div>
                        <b>Start time: </b>11:38:25
                     </div>
                     <div>
                        <b>End time: </b>11:38:32
                     </div>
                     <div>
                        <b>Duration: </b>6s
                        
                     </div>
                  </div>
               </td>
            </tr>
            <tr></tr>
            <tr id="test_fbLogin.TC2_LoginWithInvalidPassword_test_fbLoginWithInvalidPassword_byClass_FAIL2_row"
                class="testMethodStatusFAIL">
               <td width="100%" class="firstMethodCell">
                  <a onclick="toggleDetailsVisibility('test_fbLogin.TC2_LoginWithInvalidPassword_test_fbLoginWithInvalidPassword_byClass_FAIL2_details')">test_fbLoginWithInvalidPassword()</a>
               </td>
               <td nowrap="true">11:38:32</td>
               <td nowrap="true" align="right">430 ms
                  
               </td>
               <td nowrap="true">
                  <a onclick="toggleDetailsVisibility('test_fbLogin.TC2_LoginWithInvalidPassword_test_fbLoginWithInvalidPassword_byClass_FAIL2_exception')">org.openqa.selenium.ElementNotVisibleException: 
                     element not visible
                     (Session info: chrome=70.0.3538.102)
                     (Driver info: chromedriver=2.41.578706 (5f725d1b4f0a4acbf5259df887244095596231db),platform=Mac OS X 10.14.1 x86_64) (WARNING:
                     The server did not provide any stacktrace information)
                     Command duration or timeout: 0 milliseconds
                     Build info: version: '3.14.0', revision: 'aacccce0', time: '2018-08-02T20:05:20.749Z'
                     System info: host: 'Sadeks-MacBook-Pro.local', ip: '2604:2000:9903:1400:0:0:0:7%en0', os.name: 'Mac OS X', os.arch: 'x86_64',
                     os.version: '10.14.1', java.version: '1.8.0_171'
                     Driver info: org.openqa.selenium.chrome.ChromeDriver
                     Capabilities {acceptInsecureCerts: false, acceptSslCerts: false, applicationCacheEnabled: false, browserConnectionEnabled:
                     false, browserName: chrome, chrome: {chromedriverVersion: 2.41.578706 (5f725d1b4f0a4a..., userDataDir: /var/folders/34/5xq3fsv12wg...},
                     cssSelectorsEnabled: true, databaseEnabled: false, goog:chromeOptions: {debuggerAddress: localhost:62027}, handlesAlerts:
                     true, hasTouchScreen: false, javascriptEnabled: true, locationContextEnabled: true, mobileEmulationEnabled: false, nativeEvents:
                     true, networkConnectionEnabled: false, pageLoadStrategy: normal, platform: MAC, platformName: MAC, rotatable: false, setWindowRect:
                     true, takesHeapSnapshot: true, takesScreenshot: true, unexpectedAlertBehaviour: , unhandledPromptBehavior: , version: 70.0.3538.102,
                     webStorageEnabled: true}
                     Session ID: f800acaa615a9b154672474c26b4b907
                     
                  </a>
                   
                  
               </td>
            </tr>
            <tr>
               <td colspan="4" class="detailsBox">
                  <div id="test_fbLogin.TC2_LoginWithInvalidPassword_test_fbLoginWithInvalidPassword_byClass_FAIL2_details"
                       class="testMethodDetails">
                     <div>
                        <b>Name: </b>test_fbLoginWithInvalidPassword
                     </div>
                     <div>
                        <b>Signature: </b>test_fbLoginWithInvalidPassword()[pri:0, instance:test_fbLogin.TC2_LoginWithInvalidPassword@6108b2d7]
                     </div>
                     <div>
                        <b>Start time: </b>11:38:32
                     </div>
                     <div>
                        <b>End time: </b>11:38:32
                     </div>
                     <div>
                        <b>Duration: </b>430 ms
                        
                     </div>
                  </div>
               </td>
            </tr>
            <tr>
               <td colspan="4" class="detailsBox">
                  <div id="test_fbLogin.TC2_LoginWithInvalidPassword_test_fbLoginWithInvalidPassword_byClass_FAIL2_exception"
                       class="testMethodDetails">
                     <pre style="padding: 5px; margin: 0;">org.openqa.selenium.ElementNotVisibleException: element not visible
                        (Session info: chrome=70.0.3538.102)
                        (Driver info: chromedriver=2.41.578706 (5f725d1b4f0a4acbf5259df887244095596231db),platform=Mac OS X 10.14.1 x86_64) (WARNING:
                        The server did not provide any stacktrace information)
                        Command duration or timeout: 0 milliseconds
                        Build info: version: '3.14.0', revision: 'aacccce0', time: '2018-08-02T20:05:20.749Z'
                        System info: host: 'Sadeks-MacBook-Pro.local', ip: '2604:2000:9903:1400:0:0:0:7%en0', os.name: 'Mac OS X', os.arch: 'x86_64',
                        os.version: '10.14.1', java.version: '1.8.0_171'
                        Driver info: org.openqa.selenium.chrome.ChromeDriver
                        Capabilities {acceptInsecureCerts: false, acceptSslCerts: false, applicationCacheEnabled: false, browserConnectionEnabled:
                        false, browserName: chrome, chrome: {chromedriverVersion: 2.41.578706 (5f725d1b4f0a4a..., userDataDir: /var/folders/34/5xq3fsv12wg...},
                        cssSelectorsEnabled: true, databaseEnabled: false, goog:chromeOptions: {debuggerAddress: localhost:62027}, handlesAlerts:
                        true, hasTouchScreen: false, javascriptEnabled: true, locationContextEnabled: true, mobileEmulationEnabled: false, nativeEvents:
                        true, networkConnectionEnabled: false, pageLoadStrategy: normal, platform: MAC, platformName: MAC, rotatable: false, setWindowRect:
                        true, takesHeapSnapshot: true, takesScreenshot: true, unexpectedAlertBehaviour: , unhandledPromptBehavior: , version: 70.0.3538.102,
                        webStorageEnabled: true}
                        Session ID: f800acaa615a9b154672474c26b4b907
                        	at sun.reflect.NativeConstructorAccessorImpl.newInstance0(Native Method)
                        	at sun.reflect.NativeConstructorAccessorImpl.newInstance(NativeConstructorAccessorImpl.java:62)
                        	at sun.reflect.DelegatingConstructorAccessorImpl.newInstance(DelegatingConstructorAccessorImpl.java:45)
                        	at java.lang.reflect.Constructor.newInstance(Constructor.java:423)
                        	at org.openqa.selenium.remote.ErrorHandler.createThrowable(ErrorHandler.java:214)
                        	at org.openqa.selenium.remote.ErrorHandler.throwIfResponseFailed(ErrorHandler.java:166)
                        	at org.openqa.selenium.remote.http.JsonHttpResponseCodec.reconstructValue(JsonHttpResponseCodec.java:40)
                        	at org.openqa.selenium.remote.http.AbstractHttpResponseCodec.decode(AbstractHttpResponseCodec.java:80)
                        	at org.openqa.selenium.remote.http.AbstractHttpResponseCodec.decode(AbstractHttpResponseCodec.java:44)
                        	at org.openqa.selenium.remote.HttpCommandExecutor.execute(HttpCommandExecutor.java:158)
                        	at org.openqa.selenium.remote.service.DriverCommandExecutor.execute(DriverCommandExecutor.java:83)
                        	at org.openqa.selenium.remote.RemoteWebDriver.execute(RemoteWebDriver.java:548)
                        	at org.openqa.selenium.remote.RemoteWebElement.execute(RemoteWebElement.java:276)
                        	at org.openqa.selenium.remote.RemoteWebElement.click(RemoteWebElement.java:83)
                        	at utils.SWDFunctions.clickByXpath(SWDFunctions.java:36)
                        	at test_fbLogin.TC2_LoginWithInvalidPassword.test_fbLoginWithInvalidPassword(TC2_LoginWithInvalidPassword.java:23)
                        	at sun.reflect.NativeMethodAccessorImpl.invoke0(Native Method)
                        	at sun.reflect.NativeMethodAccessorImpl.invoke(NativeMethodAccessorImpl.java:62)
                        	at sun.reflect.DelegatingMethodAccessorImpl.invoke(DelegatingMethodAccessorImpl.java:43)
                        	at java.lang.reflect.Method.invoke(Method.java:498)
                        	at org.testng.internal.MethodInvocationHelper.invokeMethod(MethodInvocationHelper.java:85)
                        	at org.testng.internal.Invoker.invokeMethod(Invoker.java:639)
                        	at org.testng.internal.Invoker.invokeTestMethod(Invoker.java:816)
                        	at org.testng.internal.Invoker.invokeTestMethods(Invoker.java:1124)
                        	at org.testng.internal.TestMethodWorker.invokeTestMethods(TestMethodWorker.java:125)
                        	at org.testng.internal.TestMethodWorker.run(TestMethodWorker.java:108)
                        	at org.testng.TestRunner.privateRun(TestRunner.java:774)
                        	at org.testng.TestRunner.run(TestRunner.java:624)
                        	at org.testng.SuiteRunner.runTest(SuiteRunner.java:359)
                        	at org.testng.SuiteRunner.runSequentially(SuiteRunner.java:354)
                        	at org.testng.SuiteRunner.privateRun(SuiteRunner.java:312)
                        	at org.testng.SuiteRunner.run(SuiteRunner.java:261)
                        	at org.testng.SuiteRunnerWorker.runSuite(SuiteRunnerWorker.java:52)
                        	at org.testng.SuiteRunnerWorker.run(SuiteRunnerWorker.java:86)
                        	at org.testng.TestNG.runSuitesSequentially(TestNG.java:1215)
                        	at org.testng.TestNG.runSuitesLocally(TestNG.java:1140)
                        	at org.testng.TestNG.run(TestNG.java:1048)
                        	at org.testng.TestNG.privateMain(TestNG.java:1355)
                        	at org.testng.TestNG.main(TestNG.java:1324)
                     </pre>
                  </div>
               </td>
            </tr>
            <tr id="test_fbLogin.TC2_LoginWithInvalidPassword_tearDown_byClass_PASS3_row"
                class="testMethodStatusPASS testMethodStatusCONF">
               <td width="100%" class="firstMethodCell">
                  <a onclick="toggleDetailsVisibility('test_fbLogin.TC2_LoginWithInvalidPassword_tearDown_byClass_PASS3_details')">tearDown()</a>
               </td>
               <td nowrap="true">11:38:32</td>
               <td nowrap="true" align="right">120 ms
                  
               </td>
               <td nowrap="true">
                   
                  
               </td>
            </tr>
            <tr>
               <td colspan="4" class="detailsBox">
                  <div id="test_fbLogin.TC2_LoginWithInvalidPassword_tearDown_byClass_PASS3_details"
                       class="testMethodDetails">
                     <div>
                        <b>Name: </b>tearDown
                     </div>
                     <div>
                        <b>Signature: </b>tearDown()[pri:0, instance:test_fbLogin.TC2_LoginWithInvalidPassword@6108b2d7]
                     </div>
                     <div>
                        <b>Start time: </b>11:38:32
                     </div>
                     <div>
                        <b>End time: </b>11:38:32
                     </div>
                     <div>
                        <b>Duration: </b>120 ms
                        
                     </div>
                  </div>
               </td>
            </tr>
            <tr></tr>
         </table>
         <br></br>
         <table class="testMethodsTable" cellpadding="0" cellspacing="0">
            <tr>
               <td colspan="4">
                  <h3 style="display: inline;">test_fbSignup.CreateFBAccount</h3>
               </td>
            </tr>
            <tr class="methodsTableHeader">
               <td width="100%">Name</td>
               <td nowrap="true">Started</td>
               <td nowrap="true">Duration</td>
               <td>Exception</td>
            </tr>
            <tr id="test_fbSignup.CreateFBAccount_setUp_byClass_PASS1_row"
                class="testMethodStatusPASS testMethodStatusCONF">
               <td width="100%" class="firstMethodCell">
                  <a onclick="toggleDetailsVisibility('test_fbSignup.CreateFBAccount_setUp_byClass_PASS1_details')">setUp(ch)</a>
               </td>
               <td nowrap="true">11:38:32</td>
               <td nowrap="true" align="right">7s
                  
               </td>
               <td nowrap="true">
                   
                  
               </td>
            </tr>
            <tr>
               <td colspan="4" class="detailsBox">
                  <div id="test_fbSignup.CreateFBAccount_setUp_byClass_PASS1_details"
                       class="testMethodDetails">
                     <div>
                        <b>Name: </b>setUp
                     </div>
                     <div>
                        <b>Signature: </b>setUp(java.lang.String)[pri:0, instance:test_fbSignup.CreateFBAccount@1554909b]
                     </div>
                     <div>
                        <b>Parameters: </b>
                        
                        ch
                        
                        
                     </div>
                     <div>
                        <b>Start time: </b>11:38:32
                     </div>
                     <div>
                        <b>End time: </b>11:38:39
                     </div>
                     <div>
                        <b>Duration: </b>7s
                        
                     </div>
                  </div>
               </td>
            </tr>
            <tr></tr>
            <tr id="test_fbSignup.CreateFBAccount_verifyDropdownFuntionlity_byClass_FAIL2_row"
                class="testMethodStatusFAIL">
               <td width="100%" class="firstMethodCell">
                  <a onclick="toggleDetailsVisibility('test_fbSignup.CreateFBAccount_verifyDropdownFuntionlity_byClass_FAIL2_details')">verifyDropdownFuntionlity()</a>
               </td>
               <td nowrap="true">11:38:39</td>
               <td nowrap="true" align="right">20 ms
                  
               </td>
               <td nowrap="true">
                  <a onclick="toggleDetailsVisibility('test_fbSignup.CreateFBAccount_verifyDropdownFuntionlity_byClass_FAIL2_exception')">org.openqa.selenium.NoSuchElementException: 
                     no such element: Unable to locate element: {"method":"id","selector":""}
                     (Session info: chrome=70.0.3538.102)
                     (Driver info: chromedriver=2.41.578706 (5f725d1b4f0a4acbf5259df887244095596231db),platform=Mac OS X 10.14.1 x86_64) (WARNING:
                     The server did not provide any stacktrace information)
                     Command duration or timeout: 0 milliseconds
                     For documentation on this error, please visit: http://seleniumhq.org/exceptions/no_such_element.html
                     Build info: version: '3.14.0', revision: 'aacccce0', time: '2018-08-02T20:05:20.749Z'
                     System info: host: 'Sadeks-MacBook-Pro.local', ip: '2604:2000:9903:1400:0:0:0:7%en0', os.name: 'Mac OS X', os.arch: 'x86_64',
                     os.version: '10.14.1', java.version: '1.8.0_171'
                     Driver info: org.openqa.selenium.chrome.ChromeDriver
                     Capabilities {acceptInsecureCerts: false, acceptSslCerts: false, applicationCacheEnabled: false, browserConnectionEnabled:
                     false, browserName: chrome, chrome: {chromedriverVersion: 2.41.578706 (5f725d1b4f0a4a..., userDataDir: /var/folders/34/5xq3fsv12wg...},
                     cssSelectorsEnabled: true, databaseEnabled: false, goog:chromeOptions: {debuggerAddress: localhost:62056}, handlesAlerts:
                     true, hasTouchScreen: false, javascriptEnabled: true, locationContextEnabled: true, mobileEmulationEnabled: false, nativeEvents:
                     true, networkConnectionEnabled: false, pageLoadStrategy: normal, platform: MAC, platformName: MAC, rotatable: false, setWindowRect:
                     true, takesHeapSnapshot: true, takesScreenshot: true, unexpectedAlertBehaviour: , unhandledPromptBehavior: , version: 70.0.3538.102,
                     webStorageEnabled: true}
                     Session ID: 1852b25da7f7627812250cac555c2b52
                     *** Element info: {Using=id, value=}
                     
                  </a>
                   
                  
               </td>
            </tr>
            <tr>
               <td colspan="4" class="detailsBox">
                  <div id="test_fbSignup.CreateFBAccount_verifyDropdownFuntionlity_byClass_FAIL2_details"
                       class="testMethodDetails">
                     <div>
                        <b>Name: </b>verifyDropdownFuntionlity
                     </div>
                     <div>
                        <b>Signature: </b>verifyDropdownFuntionlity()[pri:0, instance:test_fbSignup.CreateFBAccount@1554909b]
                     </div>
                     <div>
                        <b>Start time: </b>11:38:39
                     </div>
                     <div>
                        <b>End time: </b>11:38:39
                     </div>
                     <div>
                        <b>Duration: </b>20 ms
                        
                     </div>
                  </div>
               </td>
            </tr>
            <tr>
               <td colspan="4" class="detailsBox">
                  <div id="test_fbSignup.CreateFBAccount_verifyDropdownFuntionlity_byClass_FAIL2_exception"
                       class="testMethodDetails">
                     <pre style="padding: 5px; margin: 0;">org.openqa.selenium.NoSuchElementException: no such element: Unable to locate element: {"method":"id","selector":""}
                        (Session info: chrome=70.0.3538.102)
                        (Driver info: chromedriver=2.41.578706 (5f725d1b4f0a4acbf5259df887244095596231db),platform=Mac OS X 10.14.1 x86_64) (WARNING:
                        The server did not provide any stacktrace information)
                        Command duration or timeout: 0 milliseconds
                        For documentation on this error, please visit: http://seleniumhq.org/exceptions/no_such_element.html
                        Build info: version: '3.14.0', revision: 'aacccce0', time: '2018-08-02T20:05:20.749Z'
                        System info: host: 'Sadeks-MacBook-Pro.local', ip: '2604:2000:9903:1400:0:0:0:7%en0', os.name: 'Mac OS X', os.arch: 'x86_64',
                        os.version: '10.14.1', java.version: '1.8.0_171'
                        Driver info: org.openqa.selenium.chrome.ChromeDriver
                        Capabilities {acceptInsecureCerts: false, acceptSslCerts: false, applicationCacheEnabled: false, browserConnectionEnabled:
                        false, browserName: chrome, chrome: {chromedriverVersion: 2.41.578706 (5f725d1b4f0a4a..., userDataDir: /var/folders/34/5xq3fsv12wg...},
                        cssSelectorsEnabled: true, databaseEnabled: false, goog:chromeOptions: {debuggerAddress: localhost:62056}, handlesAlerts:
                        true, hasTouchScreen: false, javascriptEnabled: true, locationContextEnabled: true, mobileEmulationEnabled: false, nativeEvents:
                        true, networkConnectionEnabled: false, pageLoadStrategy: normal, platform: MAC, platformName: MAC, rotatable: false, setWindowRect:
                        true, takesHeapSnapshot: true, takesScreenshot: true, unexpectedAlertBehaviour: , unhandledPromptBehavior: , version: 70.0.3538.102,
                        webStorageEnabled: true}
                        Session ID: 1852b25da7f7627812250cac555c2b52
                        *** Element info: {Using=id, value=}
                        	at sun.reflect.NativeConstructorAccessorImpl.newInstance0(Native Method)
                        	at sun.reflect.NativeConstructorAccessorImpl.newInstance(NativeConstructorAccessorImpl.java:62)
                        	at sun.reflect.DelegatingConstructorAccessorImpl.newInstance(DelegatingConstructorAccessorImpl.java:45)
                        	at java.lang.reflect.Constructor.newInstance(Constructor.java:423)
                        	at org.openqa.selenium.remote.ErrorHandler.createThrowable(ErrorHandler.java:214)
                        	at org.openqa.selenium.remote.ErrorHandler.throwIfResponseFailed(ErrorHandler.java:166)
                        	at org.openqa.selenium.remote.http.JsonHttpResponseCodec.reconstructValue(JsonHttpResponseCodec.java:40)
                        	at org.openqa.selenium.remote.http.AbstractHttpResponseCodec.decode(AbstractHttpResponseCodec.java:80)
                        	at org.openqa.selenium.remote.http.AbstractHttpResponseCodec.decode(AbstractHttpResponseCodec.java:44)
                        	at org.openqa.selenium.remote.HttpCommandExecutor.execute(HttpCommandExecutor.java:158)
                        	at org.openqa.selenium.remote.service.DriverCommandExecutor.execute(DriverCommandExecutor.java:83)
                        	at org.openqa.selenium.remote.RemoteWebDriver.execute(RemoteWebDriver.java:548)
                        	at org.openqa.selenium.remote.RemoteWebDriver.findElement(RemoteWebDriver.java:322)
                        	at org.openqa.selenium.remote.RemoteWebDriver.findElementById(RemoteWebDriver.java:368)
                        	at org.openqa.selenium.By$ById.findElement(By.java:188)
                        	at org.openqa.selenium.remote.RemoteWebDriver.findElement(RemoteWebDriver.java:314)
                        	at utils.SWDFunctions.dropDownByIdUsingValue(SWDFunctions.java:47)
                        	at test_fbSignup.CreateFBAccount.verifyDropdownFuntionlity(CreateFBAccount.java:12)
                        	at sun.reflect.NativeMethodAccessorImpl.invoke0(Native Method)
                        	at sun.reflect.NativeMethodAccessorImpl.invoke(NativeMethodAccessorImpl.java:62)
                        	at sun.reflect.DelegatingMethodAccessorImpl.invoke(DelegatingMethodAccessorImpl.java:43)
                        	at java.lang.reflect.Method.invoke(Method.java:498)
                        	at org.testng.internal.MethodInvocationHelper.invokeMethod(MethodInvocationHelper.java:85)
                        	at org.testng.internal.Invoker.invokeMethod(Invoker.java:639)
                        	at org.testng.internal.Invoker.invokeTestMethod(Invoker.java:816)
                        	at org.testng.internal.Invoker.invokeTestMethods(Invoker.java:1124)
                        	at org.testng.internal.TestMethodWorker.invokeTestMethods(TestMethodWorker.java:125)
                        	at org.testng.internal.TestMethodWorker.run(TestMethodWorker.java:108)
                        	at org.testng.TestRunner.privateRun(TestRunner.java:774)
                        	at org.testng.TestRunner.run(TestRunner.java:624)
                        	at org.testng.SuiteRunner.runTest(SuiteRunner.java:359)
                        	at org.testng.SuiteRunner.runSequentially(SuiteRunner.java:354)
                        	at org.testng.SuiteRunner.privateRun(SuiteRunner.java:312)
                        	at org.testng.SuiteRunner.run(SuiteRunner.java:261)
                        	at org.testng.SuiteRunnerWorker.runSuite(SuiteRunnerWorker.java:52)
                        	at org.testng.SuiteRunnerWorker.run(SuiteRunnerWorker.java:86)
                        	at org.testng.TestNG.runSuitesSequentially(TestNG.java:1215)
                        	at org.testng.TestNG.runSuitesLocally(TestNG.java:1140)
                        	at org.testng.TestNG.run(TestNG.java:1048)
                        	at org.testng.TestNG.privateMain(TestNG.java:1355)
                        	at org.testng.TestNG.main(TestNG.java:1324)
                     </pre>
                  </div>
               </td>
            </tr>
            <tr id="test_fbSignup.CreateFBAccount_tearDown_byClass_PASS3_row"
                class="testMethodStatusPASS testMethodStatusCONF">
               <td width="100%" class="firstMethodCell">
                  <a onclick="toggleDetailsVisibility('test_fbSignup.CreateFBAccount_tearDown_byClass_PASS3_details')">tearDown()</a>
               </td>
               <td nowrap="true">11:38:39</td>
               <td nowrap="true" align="right">118 ms
                  
               </td>
               <td nowrap="true">
                   
                  
               </td>
            </tr>
            <tr>
               <td colspan="4" class="detailsBox">
                  <div id="test_fbSignup.CreateFBAccount_tearDown_byClass_PASS3_details"
                       class="testMethodDetails">
                     <div>
                        <b>Name: </b>tearDown
                     </div>
                     <div>
                        <b>Signature: </b>tearDown()[pri:0, instance:test_fbSignup.CreateFBAccount@1554909b]
                     </div>
                     <div>
                        <b>Start time: </b>11:38:39
                     </div>
                     <div>
                        <b>End time: </b>11:38:39
                     </div>
                     <div>
                        <b>Duration: </b>118 ms
                        
                     </div>
                  </div>
               </td>
            </tr>
            <tr></tr>
         </table>
         <br></br>
      </div>
      <div style="margin-top: 15px; color: gray; text-align: center; font-size: 9px;">
         Generated with
         
         <a href="http://code.google.com/p/testng-xslt/" style="color: #8888aa;"
            target="_blank">
            TestNG XSLT
            
         </a>
      </div>
   </body>
</html>